
  _                   .-=-.           .-=-.          .-==-.       
 { }      __        .' O o '.       .' O o '.       /  -<' )--<   
 { }    .' O'.     / o .-. O \     / o .-. O \     /  .---`       
 { }   / .-. o\   /O  /   \  o\   /O  /   \  o\   /O /            
  \ `-` /   \ O`-'o  /     \  O`-'o  /     \  O`-`o /             
   `-.-`     '.____.'       `._____.'       `.____.'              

Serpent 2 beta

A Continuous-energy Monte Carlo Reactor Physics Burnup Calculation Code

 - Version 2.1.32 (February 24, 2021) -- Contact: serpent@vtt.fi

 - Reference: J. Leppanen, et al. "The Serpent Monte Carlo code: Status,
              development and applications in 2013." Ann. Nucl. Energy,
              82 (2015) 142-150.

 - Compiled Feb 24 2021 13:50:53

 - MPI Parallel calculation mode available

 - OpenMP Parallel calculation mode available

 - Geometry and mesh plotting available

 - Default data path set to: "/opt/serpent/xsdata"

 - Full command used to run Serpent:

   sss2 -omp 8 control625.0down

Begin calculation on Thu Jun 17 15:26:29 2021 at node24

Reading input file "control625.0down"...

NOTE: The "set printm" feature is outdated and not recommended to be
      used anymore. For restart calculations use the binary restart
      files ("set rfw") and ("set rfr"):

      http://serpent.vtt.fi/mediawiki/index.php/Input_syntax_manual#set_rfw

      Isotopic data is best obtained from the _dep.m output.


Checking duplicate input definitions...
OK.

Creating geometry...
OK.

Counting geometry zones...

The geometry consists of 3 levels:

Level 0 size: max 7 zones
Level 1 size: max 289 zones
Level 2 size: max 10 zones

Processing cells...
OK.

Linking materials to geometry...
OK.

Processing detector definitions...
Allocating RESMAT matrices and associated arrays...
OK.

Counting cells...
OK.

Processing data for group constant generation:

 - 70 energy groups in micro-group structure
 - 2 energy groups in macro-group structure
 - B1 fundamental mode calculation is not run
 - Group constants generated in 1 universes
 - Discontinuity factors are not calculated
 - Pin-power distributions are not calculated
 - Albedos are not calculated
 - Poison cross sections are not calculated

Calculating material volumes by sampling points...

x-dimensions : -2.43048E+02 2.43048E+02 cm
y-dimensions : -2.43048E+02 2.43048E+02 cm
z-dimensions : -2.41322E+02 2.41322E+02 cm

Estimated calculation time: 0:00:01
Realized calculation time:  0:00:00


OK.

Reading ACE directory files...
OK.

Reading neutron-induced fission yields...
OK.

Adding nuclides in material graphite...

Nuclide   6000.06c -- natural carbon at 600K (C-nat)
Nuclide   5010.06c -- boron 10 at 600K (B-10)
Nuclide   5011.06c -- boron 11 at 600K (B-11)

Adding nuclides in material natb4c...

Nuclide   5010.06c -- boron 10 at 600K (B-10)
Nuclide   5011.06c -- boron 11 at 600K (B-11)
Nuclide   6000.06c -- natural carbon at 600K (C-nat)

Adding nuclides in material enrb4c...

Adding nuclides in material fuelsalt...

Nuclide   3006.06c -- lithium 6 at 625K (Li-6)
Nuclide   3007.06c -- lithium 7 at 625K (Li-7)
Nuclide   4009.06c -- beryllium 9 at 625K (Be-9)
Nuclide   9019.06c -- fluorine 19 at 625K (F-19)
Nuclide  92234.06c -- uranium 234 at 625K (U-234)
Nuclide  92235.06c -- uranium 235 at 625K (U-235)
Nuclide  92236.06c -- uranium 236 at 625K (U-236)
Nuclide  92238.06c -- uranium 238 at 625K (U-238)

Setting majorant temperatures for TMS:

Material graphite at 675.0K

Running Doppler-broadening preprocessor:

Adjusting nuclide   6000.06c temperature from 600K to 675K...
Adjusting nuclide   5010.06c temperature from 600K to 675K...
Adjusting nuclide   5011.06c temperature from 600K to 675K...
Adjusting nuclide   3006.06c temperature from 600K to 625K...
Adjusting nuclide   3007.06c temperature from 600K to 625K...
Adjusting nuclide   4009.06c temperature from 600K to 625K...
Adjusting nuclide   9019.06c temperature from 600K to 625K...
Adjusting nuclide  92234.06c temperature from 600K to 625K...
Adjusting nuclide  92235.06c temperature from 600K to 625K...
Adjusting nuclide  92236.06c temperature from 600K to 625K...
Adjusting nuclide  92238.06c temperature from 600K to 625K...

Adding thermal scattering data...

Nuclide   gre7.18t -- natural carbon at 800K (C-nat)
Nuclide   gre7.22t -- natural carbon at 1200K (C-nat)

***** Thu Jun 17 15:26:31 2021

Input error in parameter "therm" on line 226 in file "control625.0down":

Minimum interpolation T below smallest T found in S(a,b) data (675.00 < 800.00)

For parameter description, try Serpent Wiki:

http://serpent.vtt.fi/mediawiki/index.php/Input_syntax_manual#therm

