
  _                   .-=-.           .-=-.          .-==-.       
 { }      __        .' O o '.       .' O o '.       /  -<' )--<   
 { }    .' O'.     / o .-. O \     / o .-. O \     /  .---`       
 { }   / .-. o\   /O  /   \  o\   /O  /   \  o\   /O /            
  \ `-` /   \ O`-'o  /     \  O`-'o  /     \  O`-`o /             
   `-.-`     '.____.'       `._____.'       `.____.'              

Serpent 2 beta

A Continuous-energy Monte Carlo Reactor Physics Burnup Calculation Code

 - Version 2.1.30 (February 14, 2018) -- Contact: serpent@vtt.fi

 - Reference: J. Leppanen, et al. "The Serpent Monte Carlo code: Status,
              development and applications in 2013." Ann. Nucl. Energy,
              82 (2015) 142-150.

 - Compiled Feb 15 2021 19:17:39

 - MPI Parallel calculation mode not available

 - OpenMP Parallel calculation mode available

 - Geometry and mesh plotting available

 - Default data path set to: "/opt/serpent/xsdata"

Begin calculation on Thu Apr  8 14:54:21 2021

Reading input file "fs.dopp.1000"...

NOTE: The "set printm" feature is outdated and not recommended to be
      used anymore. For restart calculations use the binary restart
      files ("set rfw") and ("set rfr"):

      http://serpent.vtt.fi/mediawiki/index.php/Input_syntax_manual#set_rfw

      Isotopic data is best obtained from the _res.m output.


Checking duplicate input definitions...
OK.

Dividing burnable materials...
OK.

Creating geometry...
OK.

Counting geometry zones...

The geometry consists of 3 levels:

Level 0 size: max 7 zones
Level 1 size: max 289 zones
Level 2 size: max 7 zones

Processing cells...
OK.

Linking materials to geometry...
OK.

Counting cells...
OK.

Processing data for group constant generation:

 - 70 energy groups in micro-group structure
 - 2 energy groups in macro-group structure
 - B1 fundamental mode calculation is not run
 - Group constants generated in 1 universes
 - Discontinuity factors are not calculated
 - Pin-power distributions are not calculated
 - Albedos are not calculated
 - Poison cross sections are not calculated

Calculating material volumes by Monte Carlo...

Estimated calculation time: 0:00:01
Realized calculation time:  0:00:01


OK.

Reading ACE directory files...
OK.

Reading radioactive decay data files...
OK.

Reading neutron-induced fission yields...
OK.

Adding nuclides in material fuelsalt...

Nuclide   4009.09c -- beryllium 9 at 1000K (Be-9)
Nuclide   9019.09c -- fluorine 19 at 1000K (F-19)
Nuclide  11023.09c -- sodium 23 at 1000K (Na-23)
Nuclide  90232.09c -- thorium 232 at 1000K (Th-232)
Nuclide  92234.09c -- uranium 234 at 1000K (U-234)
Nuclide  92235.09c -- uranium 235 at 1000K (U-235)
Nuclide  92236.09c -- uranium 236 at 1000K (U-236)
Nuclide  92238.09c -- uranium 238 at 1000K (U-238)
Nuclide   2004.09c -- helium 4 at 1000K (He-4)

Adding nuclides in material fuelsalt_rep...

Adding nuclides in material offgas...

Adding nuclides in material overflow...

Adding nuclides in material graphite...

Nuclide   6000.09c -- natural carbon at 900K (C-nat)
Nuclide   5010.09c -- boron 10 at 900K (B-10)
Nuclide   5011.09c -- boron 11 at 900K (B-11)

Adding nuclides in material natb4c...

Nuclide   5010.09c -- boron 10 at 900K (B-10)
Nuclide   5011.09c -- boron 11 at 900K (B-11)
Nuclide   6000.09c -- natural carbon at 900K (C-nat)

Adding activation products...

Nuclide   5010.09c -- boron 10 at 1000K (B-10)
Nuclide   5011.09c -- boron 11 at 1000K (B-11)
Nuclide   3007.09c -- lithium 7 at 1000K (Li-7)
Nuclide   3006.09c -- lithium 6 at 1000K (Li-6)
Nuclide   1001.09c -- hydrogen at 1000K (H-1)
Nuclide   1003.09c -- tritium at 1000K (H-3)
Nuclide   1002.09c -- deuterium at 1000K (H-2)
Nuclide   6012.09c -- carbon 12 at 1000K (C-12)
Nuclide   2003.09c -- helium 3 at 1000K (He-3)
Nuclide   7015.09c -- nitrogen 15 at 1000K (N-15)
Nuclide   7014.09c -- nitrogen 14 at 1000K (N-14)
Nuclide   8016.09c -- oxygen 16 at 1000K (O-16)
Nuclide   8017.09c -- oxygen 17 at 1000K (O-17)
Nuclide  11022.09c -- sodium 22 at 1000K (Na-22)
Nuclide  12024.09c -- magnesium 24 at 1000K (Mg-24)
Nuclide  12025.09c -- magnesium 25 at 1000K (Mg-25)
Nuclide  12026.09c -- magnesium 26 at 1000K (Mg-26)
Nuclide  13027.09c -- aluminum 27 at 1000K (Al-27)

Adding actinide data...

Nuclide  90227.09c -- thorium 227 at 1000K (Th-227)
Nuclide  90228.09c -- thorium 228 at 1000K (Th-228)
Nuclide  90229.09c -- thorium 229 at 1000K (Th-229)
Nuclide  90230.09c -- thorium 230 at 1000K (Th-230)
Nuclide  90233.09c -- thorium 233 at 1000K (Th-233)
Nuclide  90234.09c -- thorium 234 at 1000K (Th-234)
Nuclide  91231.09c -- protactinium 231 at 1000K (Pa-231)
Nuclide  91232.09c -- protactinium 232 at 1000K (Pa-232)
Nuclide  91233.09c -- protactinium 233 at 1000K (Pa-233)
Nuclide  92232.09c -- uranium 232 at 1000K (U-232)
Nuclide  92233.09c -- uranium 233 at 1000K (U-233)
Nuclide  92237.09c -- uranium 237 at 1000K (U-237)
Nuclide  92239.09c -- uranium 239 at 1000K (U-239)
Nuclide  92240.09c -- uranium 240 at 1000K (U-240)
Nuclide  92241.09c -- uranium 241 at 1000K (U-241)
Nuclide  93235.09c -- neptunium 235 at 1000K (Np-235)
Nuclide  93236.09c -- neptunium 236 at 1000K (Np-236)
Nuclide  93237.09c -- neptunium 237 at 1000K (Np-237)
Nuclide  93238.09c -- neptunium 238 at 1000K (Np-238)
Nuclide  93239.09c -- neptunium 239 at 1000K (Np-239)
Nuclide  94236.09c -- plutonium 236 at 1000K (Pu-236)
Nuclide  94237.09c -- plutonium 237 at 1000K (Pu-237)
Nuclide  94238.09c -- plutonium 238 at 1000K (Pu-238)
Nuclide  94239.09c -- plutonium 239 at 1000K (Pu-239)
Nuclide  94240.09c -- plutonium 240 at 1000K (Pu-240)
Nuclide  94241.09c -- plutonium 241 at 1000K (Pu-241)
Nuclide  94242.09c -- plutonium 242 at 1000K (Pu-242)
Nuclide  94243.09c -- plutonium 243 at 1000K (Pu-243)
Nuclide  94244.09c -- plutonium 244 at 1000K (Pu-244)
Nuclide  95241.09c -- americium 241 at 1000K (Am-241)
Nuclide  95242.09c -- americium 242 at 1000K (Am-242)
Nuclide  95342.09c -- americium 242m at 1000K (Am-242m)
Nuclide  95243.09c -- americium 243 at 1000K (Am-243)
Nuclide  95244.09c -- americium 244 at 1000K (Am-244)
Nuclide  95344.09c -- americium 244m at 1000K (Am-244m)
Nuclide  96240.09c -- curium 240 at 1000K (Cm-240)
Nuclide  96241.09c -- curium 241 at 1000K (Cm-241)
Nuclide  96242.09c -- curium 242 at 1000K (Cm-242)
Nuclide  96243.09c -- curium 243 at 1000K (Cm-243)
Nuclide  96244.09c -- curium 244 at 1000K (Cm-244)
Nuclide  96245.09c -- curium 245 at 1000K (Cm-245)
Nuclide  96246.09c -- curium 246 at 1000K (Cm-246)
Nuclide  96247.09c -- curium 247 at 1000K (Cm-247)
Nuclide  96248.09c -- curium 248 at 1000K (Cm-248)
Nuclide  96249.09c -- curium 249 at 1000K (Cm-249)
Nuclide  96250.09c -- curium 250 at 1000K (Cm-250)

Adding fission product data...

Nuclide  31069.09c -- gallium 69 at 1000K (Ga-69)
Nuclide  31071.09c -- gallium 71 at 1000K (Ga-71)
Nuclide  32070.09c -- germanium 70 at 1000K (Ge-70)
Nuclide  32072.09c -- germanium 72 at 1000K (Ge-72)
Nuclide  32073.09c -- germanium 73 at 1000K (Ge-73)
Nuclide  32074.09c -- germanium 74 at 1000K (Ge-74)
Nuclide  32076.09c -- germanium 76 at 1000K (Ge-76)
Nuclide  33074.09c -- arsenic 74 at 1000K (As-74)
Nuclide  33075.09c -- arsenic 75 at 1000K (As-75)
Nuclide  34074.09c -- selenium 74 at 1000K (Se-74)
Nuclide  34076.09c -- selenium 76 at 1000K (Se-76)
Nuclide  34077.09c -- selenium 77 at 1000K (Se-77)
Nuclide  34078.09c -- selenium 78 at 1000K (Se-78)
Nuclide  34079.09c -- selenium 79 at 1000K (Se-79)
Nuclide  34080.09c -- selenium 80 at 1000K (Se-80)
Nuclide  34082.09c -- selenium 82 at 1000K (Se-82)
Nuclide  35079.09c -- bromine 79 at 1000K (Br-79)
Nuclide  35081.09c -- bromine 81 at 1000K (Br-81)
Nuclide  36078.09c -- krypton 78 at 1000K (Kr-78)
Nuclide  36080.09c -- krypton 80 at 1000K (Kr-80)
Nuclide  36082.09c -- krypton 82 at 1000K (Kr-82)
Nuclide  36083.09c -- krypton 83 at 1000K (Kr-83)
Nuclide  36084.09c -- krypton 84 at 1000K (Kr-84)
Nuclide  36085.09c -- krypton 85 at 1000K (Kr-85)
Nuclide  36086.09c -- krypton 86 at 1000K (Kr-86)
Nuclide  37085.09c -- rubidium 85 at 1000K (Rb-85)
Nuclide  37086.09c -- rubidium 86 at 1000K (Rb-86)
Nuclide  37087.09c -- rubidium 87 at 1000K (Rb-87)
Nuclide  38084.09c -- strontium 84 at 1000K (Sr-84)
Nuclide  38086.09c -- strontium 86 at 1000K (Sr-86)
Nuclide  38087.09c -- strontium 87 at 1000K (Sr-87)
Nuclide  38088.09c -- strontium 88 at 1000K (Sr-88)
Nuclide  38089.09c -- strontium 89 at 1000K (Sr-89)
Nuclide  38090.09c -- strontium 90 at 1000K (Sr-90)
Nuclide  39089.09c -- yttrium 89 at 1000K (Y-89)
Nuclide  39090.09c -- yttrium 90 at 1000K (Y-90)
Nuclide  39091.09c -- yttrium 91 at 1000K (Y-91)
Nuclide  40090.09c -- zirconium 90 at 1000K (Zr-90)
Nuclide  40091.09c -- zirconium 91 at 1000K (Zr-91)
Nuclide  40092.09c -- zirconium 92 at 1000K (Zr-92)
Nuclide  40093.09c -- zirconium 93 at 1000K (Zr-93)
Nuclide  40094.09c -- zirconium 94 at 1000K (Zr-94)
Nuclide  40095.09c -- zirconium 95 at 1000K (Zr-95)
Nuclide  40096.09c -- zirconium 96 at 1000K (Zr-96)
Nuclide  41093.09c -- niobium 93 at 1000K (Nb-93)
Nuclide  41094.09c -- niobium 94 at 1000K (Nb-94)
Nuclide  41095.09c -- niobium 95 at 1000K (Nb-95)
Nuclide  42092.09c -- molybdenum 92 at 1000K (Mo-92)
Nuclide  42094.09c -- molybdenum 94 at 1000K (Mo-94)
Nuclide  42095.09c -- molybdenum 95 at 1000K (Mo-95)
Nuclide  42096.09c -- molybdenum 96 at 1000K (Mo-96)
Nuclide  42097.09c -- molybdenum 97 at 1000K (Mo-97)
Nuclide  42098.09c -- molybdenum 98 at 1000K (Mo-98)
Nuclide  42099.09c -- molybdenum 99 at 1000K (Mo-99)
Nuclide  42100.09c -- molybdenum 100 at 1000K (Mo-100)
Nuclide  43099.09c -- technetium 99 at 1000K (Tc-99)
Nuclide  44098.09c -- ruthenium 98 at 1000K (Ru-98)
Nuclide  44099.09c -- ruthenium 99 at 1000K (Ru-99)
Nuclide  44100.09c -- ruthenium 100 at 1000K (Ru-100)
Nuclide  44101.09c -- ruthenium 101 at 1000K (Ru-101)
Nuclide  44102.09c -- ruthenium 102 at 1000K (Ru-102)
Nuclide  44103.09c -- ruthenium 103 at 1000K (Ru-103)
Nuclide  44104.09c -- ruthenium 104 at 1000K (Ru-104)
Nuclide  44105.09c -- ruthenium 105 at 1000K (Ru-105)
Nuclide  44106.09c -- ruthenium 106 at 1000K (Ru-106)
Nuclide  45103.09c -- rhodium 103 at 1000K (Rh-103)
Nuclide  45105.09c -- rhodium 105 at 1000K (Rh-105)
Nuclide  46102.09c -- palladium 102 at 1000K (Pd-102)
Nuclide  46104.09c -- palladium 104 at 1000K (Pd-104)
Nuclide  46105.09c -- palladium 105 at 1000K (Pd-105)
Nuclide  46106.09c -- palladium 106 at 1000K (Pd-106)
Nuclide  46107.09c -- palladium 107 at 1000K (Pd-107)
Nuclide  46108.09c -- palladium 108 at 1000K (Pd-108)
Nuclide  46110.09c -- palladium 110 at 1000K (Pd-110)
Nuclide  47107.09c -- silver 107 at 1000K (Ag-107)
Nuclide  47109.09c -- silver 109 at 1000K (Ag-109)
Nuclide  47310.09c -- silver 110m at 1000K (Ag-110m)
Nuclide  47111.09c -- silver 111 at 1000K (Ag-111)
Nuclide  48106.09c -- cadmium 106 at 1000K (Cd-106)
Nuclide  48108.09c -- cadmium 108 at 1000K (Cd-108)
Nuclide  48110.09c -- cadmium 110 at 1000K (Cd-110)
Nuclide  48111.09c -- cadmium 111 at 1000K (Cd-111)
Nuclide  48112.09c -- cadmium 112 at 1000K (Cd-112)
Nuclide  48113.09c -- cadmium 113 at 1000K (Cd-113)
Nuclide  48114.09c -- cadmium 114 at 1000K (Cd-114)
Nuclide  48315.09c -- cadmium 115m at 1000K (Cd-115m)
Nuclide  48116.09c -- cadmium 116 at 1000K (Cd-116)
Nuclide  49113.09c -- indium 113 at 1000K (In-113)
Nuclide  49115.09c -- indium 115 at 1000K (In-115)
Nuclide  50112.09c -- tin 112 at 1000K (Sn-112)
Nuclide  50113.09c -- tin 113 at 1000K (Sn-113)
Nuclide  50114.09c -- tin 114 at 1000K (Sn-114)
Nuclide  50115.09c -- tin 115 at 1000K (Sn-115)
Nuclide  50116.09c -- tin 116 at 1000K (Sn-116)
Nuclide  50117.09c -- tin 117 at 1000K (Sn-117)
Nuclide  50118.09c -- tin 118 at 1000K (Sn-118)
Nuclide  50119.09c -- tin 119 at 1000K (Sn-119)
Nuclide  50120.09c -- tin 120 at 1000K (Sn-120)
Nuclide  50122.09c -- tin 122 at 1000K (Sn-122)
Nuclide  50123.09c -- tin 123 at 1000K (Sn-123)
Nuclide  50124.09c -- tin 124 at 1000K (Sn-124)
Nuclide  50125.09c -- tin 125 at 1000K (Sn-125)
Nuclide  50126.09c -- tin 126 at 1000K (Sn-126)
Nuclide  51121.09c -- antimony 121 at 1000K (Sb-121)
Nuclide  51123.09c -- antimony 123 at 1000K (Sb-123)
Nuclide  51124.09c -- antimony 124 at 1000K (Sb-124)
Nuclide  51125.09c -- antimony 125 at 1000K (Sb-125)
Nuclide  51126.09c -- antimony 126 at 1000K (Sb-126)
Nuclide  52120.09c -- tellurium 120 at 1000K (Te-120)
Nuclide  52122.09c -- tellurium 122 at 1000K (Te-122)
Nuclide  52123.09c -- tellurium 123 at 1000K (Te-123)
Nuclide  52124.09c -- tellurium 124 at 1000K (Te-124)
Nuclide  52125.09c -- tellurium 125 at 1000K (Te-125)
Nuclide  52126.09c -- tellurium 126 at 1000K (Te-126)
Nuclide  52327.09c -- tellurium 127m at 1000K (Te-127m)
Nuclide  52128.09c -- tellurium 128 at 1000K (Te-128)
Nuclide  52329.09c -- tellurium 129m at 1000K (Te-129m)
Nuclide  52130.09c -- tellurium 130 at 1000K (Te-130)
Nuclide  52132.09c -- tellurium 132 at 1000K (Te-132)
Nuclide  53127.09c -- iodine 127 at 1000K (I-127)
Nuclide  53129.09c -- iodine 129 at 1000K (I-129)
Nuclide  53130.09c -- iodine 130 at 1000K (I-130)
Nuclide  53131.09c -- iodine 131 at 1000K (I-131)
Nuclide  53135.09c -- iodine 135 at 1000K (I-135)
Nuclide  54126.09c -- xenon 126 at 1000K (Xe-126)
Nuclide  54128.09c -- xenon 128 at 1000K (Xe-128)
Nuclide  54129.09c -- xenon 129 at 1000K (Xe-129)
Nuclide  54130.09c -- xenon 130 at 1000K (Xe-130)
Nuclide  54131.09c -- xenon 131 at 1000K (Xe-131)
Nuclide  54132.09c -- xenon 132 at 1000K (Xe-132)
Nuclide  54133.09c -- xenon 133 at 1000K (Xe-133)
Nuclide  54134.09c -- xenon 134 at 1000K (Xe-134)
Nuclide  54135.09c -- xenon 135 at 1000K (Xe-135)
Nuclide  54136.09c -- xenon 136 at 1000K (Xe-136)
Nuclide  55133.09c -- cesium 133 at 1000K (Cs-133)
Nuclide  55134.09c -- cesium 134 at 1000K (Cs-134)
Nuclide  55135.09c -- cesium 135 at 1000K (Cs-135)
Nuclide  55136.09c -- cesium 136 at 1000K (Cs-136)
Nuclide  55137.09c -- cesium 137 at 1000K (Cs-137)
Nuclide  56132.09c -- barium 132 at 1000K (Ba-132)
Nuclide  56133.09c -- barium 133 at 1000K (Ba-133)
Nuclide  56134.09c -- barium 134 at 1000K (Ba-134)
Nuclide  56135.09c -- barium 135 at 1000K (Ba-135)
Nuclide  56136.09c -- barium 136 at 1000K (Ba-136)
Nuclide  56137.09c -- barium 137 at 1000K (Ba-137)
Nuclide  56138.09c -- barium 138 at 1000K (Ba-138)
Nuclide  56140.09c -- barium 140 at 1000K (Ba-140)
Nuclide  57138.09c -- lanthanum 138 at 1000K (La-138)
Nuclide  57139.09c -- lanthanum 139 at 1000K (La-139)
Nuclide  57140.09c -- lanthanum 140 at 1000K (La-140)
Nuclide  58138.09c -- cerium 138 at 1000K (Ce-138)
Nuclide  58139.09c -- cerium 139 at 1000K (Ce-139)
Nuclide  58140.09c -- cerium 140 at 1000K (Ce-140)
Nuclide  58141.09c -- cerium 141 at 1000K (Ce-141)
Nuclide  58142.09c -- cerium 142 at 1000K (Ce-142)
Nuclide  58143.09c -- cerium 143 at 1000K (Ce-143)
Nuclide  58144.09c -- cerium 144 at 1000K (Ce-144)
Nuclide  59141.09c -- praseodymium 141 at 1000K (Pr-141)
Nuclide  59142.09c -- praseodymium 142 at 1000K (Pr-142)
Nuclide  59143.09c -- praseodymium 143 at 1000K (Pr-143)
Nuclide  60142.09c -- neodymium 142 at 1000K (Nd-142)
Nuclide  60143.09c -- neodymium 143 at 1000K (Nd-143)
Nuclide  60144.09c -- neodymium 144 at 1000K (Nd-144)
Nuclide  60145.09c -- neodymium 145 at 1000K (Nd-145)
Nuclide  60146.09c -- neodymium 146 at 1000K (Nd-146)
Nuclide  60147.09c -- neodymium 147 at 1000K (Nd-147)
Nuclide  60148.09c -- neodymium 148 at 1000K (Nd-148)
Nuclide  60150.09c -- neodymium 150 at 1000K (Nd-150)
Nuclide  61147.09c -- promethium 147 at 1000K (Pm-147)
Nuclide  61148.09c -- promethium 148 at 1000K (Pm-148)
Nuclide  61348.09c -- promethium 148m at 1000K (Pm-148m)
Nuclide  61149.09c -- promethium 149 at 1000K (Pm-149)
Nuclide  61151.09c -- promethium 151 at 1000K (Pm-151)
Nuclide  62144.09c -- samarium 144 at 1000K (Sm-144)
Nuclide  62147.09c -- samarium 147 at 1000K (Sm-147)
Nuclide  62148.09c -- samarium 148 at 1000K (Sm-148)
Nuclide  62149.09c -- samarium 149 at 1000K (Sm-149)
Nuclide  62150.09c -- samarium 150 at 1000K (Sm-150)
Nuclide  62151.09c -- samarium 151 at 1000K (Sm-151)
Nuclide  62152.09c -- samarium 152 at 1000K (Sm-152)
Nuclide  62153.09c -- samarium 153 at 1000K (Sm-153)
Nuclide  62154.09c -- samarium 154 at 1000K (Sm-154)
Nuclide  63151.09c -- europium 151 at 1000K (Eu-151)
Nuclide  63152.09c -- europium 152 at 1000K (Eu-152)
Nuclide  63153.09c -- europium 153 at 1000K (Eu-153)
Nuclide  63154.09c -- europium 154 at 1000K (Eu-154)
Nuclide  63155.09c -- europium 155 at 1000K (Eu-155)
Nuclide  63156.09c -- europium 156 at 1000K (Eu-156)
Nuclide  63157.09c -- europium 157 at 1000K (Eu-157)
Nuclide  64152.09c -- gadolinium 152 at 1000K (Gd-152)
Nuclide  64153.09c -- gadolinium 153 at 1000K (Gd-153)
Nuclide  64154.09c -- gadolinium 154 at 1000K (Gd-154)
Nuclide  64155.09c -- gadolinium 155 at 1000K (Gd-155)
Nuclide  64156.09c -- gadolinium 156 at 1000K (Gd-156)
Nuclide  64157.09c -- gadolinium 157 at 1000K (Gd-157)
Nuclide  64158.09c -- gadolinium 158 at 1000K (Gd-158)
Nuclide  64160.09c -- gadolinium 160 at 1000K (Gd-160)
Nuclide  65159.09c -- terbium 159 at 1000K (Tb-159)
Nuclide  65160.09c -- terbium 160 at 1000K (Tb-160)
Nuclide  66156.09c -- dysprosium 156 at 1000K (Dy-156)
Nuclide  66158.09c -- dysprosium 158 at 1000K (Dy-158)
Nuclide  66160.09c -- dysprosium 160 at 1000K (Dy-160)
Nuclide  66161.09c -- dysprosium 161 at 1000K (Dy-161)
Nuclide  66162.09c -- dysprosium 162 at 1000K (Dy-162)
Nuclide  66163.09c -- dysprosium 163 at 1000K (Dy-163)
Nuclide  66164.09c -- dysprosium 164 at 1000K (Dy-164)
Nuclide  67165.09c -- holmium 165 at 1000K (Ho-165)
Nuclide  67366.09c -- holmium 166m at 1000K (Ho-166m)
Nuclide  68162.09c -- erbium 162 at 1000K (Er-162)
Nuclide  68164.09c -- erbium 164 at 1000K (Er-164)
Nuclide  68166.09c -- erbium 166 at 1000K (Er-166)
Nuclide  68167.09c -- erbium 167 at 1000K (Er-167)
Nuclide  68168.09c -- erbium 168 at 1000K (Er-168)
Nuclide  68170.09c -- erbium 170 at 1000K (Er-170)

Adding remaining data and forming paths...
OK.

Setting majorant temperatures for TMS:

Material graphite at 950.0K

Running Doppler-broadening preprocessor:

Adjusting nuclide   4009.09c temperature from 900K to 1000K...
Adjusting nuclide   9019.09c temperature from 900K to 1000K...
Adjusting nuclide  11023.09c temperature from 900K to 1000K...
Adjusting nuclide  90232.09c temperature from 900K to 1000K...
Adjusting nuclide  92234.09c temperature from 900K to 1000K...
Adjusting nuclide  92235.09c temperature from 900K to 1000K...
Adjusting nuclide  92236.09c temperature from 900K to 1000K...
Adjusting nuclide  92238.09c temperature from 900K to 1000K...
Adjusting nuclide   2004.09c temperature from 900K to 1000K...
Adjusting nuclide   6000.09c temperature from 900K to 950K...
Adjusting nuclide   5010.09c temperature from 900K to 950K...
Adjusting nuclide   5011.09c temperature from 900K to 950K...
Adjusting nuclide   5010.09c temperature from 900K to 1000K...
Adjusting nuclide   5011.09c temperature from 900K to 1000K...
Adjusting nuclide   3007.09c temperature from 900K to 1000K...
Adjusting nuclide   3006.09c temperature from 900K to 1000K...
Adjusting nuclide   1001.09c temperature from 900K to 1000K...
Adjusting nuclide   1003.09c temperature from 900K to 1000K...
Adjusting nuclide   1002.09c temperature from 900K to 1000K...
Adjusting nuclide   6012.09c temperature from 900K to 1000K...
Adjusting nuclide   2003.09c temperature from 900K to 1000K...
Adjusting nuclide   7015.09c temperature from 900K to 1000K...
Adjusting nuclide   7014.09c temperature from 900K to 1000K...
Adjusting nuclide   8016.09c temperature from 900K to 1000K...
Adjusting nuclide   8017.09c temperature from 900K to 1000K...
Adjusting nuclide  11022.09c temperature from 900K to 1000K...
Adjusting nuclide  12024.09c temperature from 900K to 1000K...
Adjusting nuclide  12025.09c temperature from 900K to 1000K...
Adjusting nuclide  12026.09c temperature from 900K to 1000K...
Adjusting nuclide  13027.09c temperature from 900K to 1000K...
Adjusting nuclide  90227.09c temperature from 900K to 1000K...
Adjusting nuclide  90228.09c temperature from 900K to 1000K...
Adjusting nuclide  90229.09c temperature from 900K to 1000K...
Adjusting nuclide  90230.09c temperature from 900K to 1000K...
Adjusting nuclide  90233.09c temperature from 900K to 1000K...
Adjusting nuclide  90234.09c temperature from 900K to 1000K...
Adjusting nuclide  91231.09c temperature from 900K to 1000K...
Adjusting nuclide  91232.09c temperature from 900K to 1000K...
Adjusting nuclide  91233.09c temperature from 900K to 1000K...
Adjusting nuclide  92232.09c temperature from 900K to 1000K...
Adjusting nuclide  92233.09c temperature from 900K to 1000K...
Adjusting nuclide  92237.09c temperature from 900K to 1000K...
Adjusting nuclide  92239.09c temperature from 900K to 1000K...
Adjusting nuclide  92240.09c temperature from 900K to 1000K...
Adjusting nuclide  92241.09c temperature from 900K to 1000K...
Adjusting nuclide  93235.09c temperature from 900K to 1000K...
Adjusting nuclide  93236.09c temperature from 900K to 1000K...
Adjusting nuclide  93237.09c temperature from 900K to 1000K...
Adjusting nuclide  93238.09c temperature from 900K to 1000K...
Adjusting nuclide  93239.09c temperature from 900K to 1000K...
Adjusting nuclide  94236.09c temperature from 900K to 1000K...
Adjusting nuclide  94237.09c temperature from 900K to 1000K...
Adjusting nuclide  94238.09c temperature from 900K to 1000K...
Adjusting nuclide  94239.09c temperature from 900K to 1000K...
Adjusting nuclide  94240.09c temperature from 900K to 1000K...
Adjusting nuclide  94241.09c temperature from 900K to 1000K...
Adjusting nuclide  94242.09c temperature from 900K to 1000K...
Adjusting nuclide  94243.09c temperature from 900K to 1000K...
Adjusting nuclide  94244.09c temperature from 900K to 1000K...
Adjusting nuclide  95241.09c temperature from 900K to 1000K...
Adjusting nuclide  95242.09c temperature from 900K to 1000K...
Adjusting nuclide  95342.09c temperature from 900K to 1000K...
Adjusting nuclide  95243.09c temperature from 900K to 1000K...
Adjusting nuclide  95244.09c temperature from 900K to 1000K...
Adjusting nuclide  95344.09c temperature from 900K to 1000K...
Adjusting nuclide  96240.09c temperature from 900K to 1000K...
Adjusting nuclide  96241.09c temperature from 900K to 1000K...
Adjusting nuclide  96242.09c temperature from 900K to 1000K...
Adjusting nuclide  96243.09c temperature from 900K to 1000K...
Adjusting nuclide  96244.09c temperature from 900K to 1000K...
Adjusting nuclide  96245.09c temperature from 900K to 1000K...
Adjusting nuclide  96246.09c temperature from 900K to 1000K...
Adjusting nuclide  96247.09c temperature from 900K to 1000K...
Adjusting nuclide  96248.09c temperature from 900K to 1000K...
Adjusting nuclide  96249.09c temperature from 900K to 1000K...
Adjusting nuclide  96250.09c temperature from 900K to 1000K...
Adjusting nuclide  31069.09c temperature from 900K to 1000K...
Adjusting nuclide  31071.09c temperature from 900K to 1000K...
Adjusting nuclide  32070.09c temperature from 900K to 1000K...
Adjusting nuclide  32072.09c temperature from 900K to 1000K...
Adjusting nuclide  32073.09c temperature from 900K to 1000K...
Adjusting nuclide  32074.09c temperature from 900K to 1000K...
Adjusting nuclide  32076.09c temperature from 900K to 1000K...
Adjusting nuclide  33074.09c temperature from 900K to 1000K...
Adjusting nuclide  33075.09c temperature from 900K to 1000K...
Adjusting nuclide  34074.09c temperature from 900K to 1000K...
Adjusting nuclide  34076.09c temperature from 900K to 1000K...
Adjusting nuclide  34077.09c temperature from 900K to 1000K...
Adjusting nuclide  34078.09c temperature from 900K to 1000K...
Adjusting nuclide  34079.09c temperature from 900K to 1000K...
Adjusting nuclide  34080.09c temperature from 900K to 1000K...
Adjusting nuclide  34082.09c temperature from 900K to 1000K...
Adjusting nuclide  35079.09c temperature from 900K to 1000K...
Adjusting nuclide  35081.09c temperature from 900K to 1000K...
Adjusting nuclide  36078.09c temperature from 900K to 1000K...
Adjusting nuclide  36080.09c temperature from 900K to 1000K...
Adjusting nuclide  36082.09c temperature from 900K to 1000K...
Adjusting nuclide  36083.09c temperature from 900K to 1000K...
Adjusting nuclide  36084.09c temperature from 900K to 1000K...
Adjusting nuclide  36085.09c temperature from 900K to 1000K...
Adjusting nuclide  36086.09c temperature from 900K to 1000K...
Adjusting nuclide  37085.09c temperature from 900K to 1000K...
Adjusting nuclide  37086.09c temperature from 900K to 1000K...
Adjusting nuclide  37087.09c temperature from 900K to 1000K...
Adjusting nuclide  38084.09c temperature from 900K to 1000K...
Adjusting nuclide  38086.09c temperature from 900K to 1000K...
Adjusting nuclide  38087.09c temperature from 900K to 1000K...
Adjusting nuclide  38088.09c temperature from 900K to 1000K...
Adjusting nuclide  38089.09c temperature from 900K to 1000K...
Adjusting nuclide  38090.09c temperature from 900K to 1000K...
Adjusting nuclide  39089.09c temperature from 900K to 1000K...
Adjusting nuclide  39090.09c temperature from 900K to 1000K...
Adjusting nuclide  39091.09c temperature from 900K to 1000K...
Adjusting nuclide  40090.09c temperature from 900K to 1000K...
Adjusting nuclide  40091.09c temperature from 900K to 1000K...
Adjusting nuclide  40092.09c temperature from 900K to 1000K...
Adjusting nuclide  40093.09c temperature from 900K to 1000K...
Adjusting nuclide  40094.09c temperature from 900K to 1000K...
Adjusting nuclide  40095.09c temperature from 900K to 1000K...
Adjusting nuclide  40096.09c temperature from 900K to 1000K...
Adjusting nuclide  41093.09c temperature from 900K to 1000K...
Adjusting nuclide  41094.09c temperature from 900K to 1000K...
Adjusting nuclide  41095.09c temperature from 900K to 1000K...
Adjusting nuclide  42092.09c temperature from 900K to 1000K...
Adjusting nuclide  42094.09c temperature from 900K to 1000K...
Adjusting nuclide  42095.09c temperature from 900K to 1000K...
Adjusting nuclide  42096.09c temperature from 900K to 1000K...
Adjusting nuclide  42097.09c temperature from 900K to 1000K...
Adjusting nuclide  42098.09c temperature from 900K to 1000K...
Adjusting nuclide  42099.09c temperature from 900K to 1000K...
Adjusting nuclide  42100.09c temperature from 900K to 1000K...
Adjusting nuclide  43099.09c temperature from 900K to 1000K...
Adjusting nuclide  44098.09c temperature from 900K to 1000K...
Adjusting nuclide  44099.09c temperature from 900K to 1000K...
Adjusting nuclide  44100.09c temperature from 900K to 1000K...
Adjusting nuclide  44101.09c temperature from 900K to 1000K...
Adjusting nuclide  44102.09c temperature from 900K to 1000K...
Adjusting nuclide  44103.09c temperature from 900K to 1000K...
Adjusting nuclide  44104.09c temperature from 900K to 1000K...
Adjusting nuclide  44105.09c temperature from 900K to 1000K...
Adjusting nuclide  44106.09c temperature from 900K to 1000K...
Adjusting nuclide  45103.09c temperature from 900K to 1000K...
Adjusting nuclide  45105.09c temperature from 900K to 1000K...
Adjusting nuclide  46102.09c temperature from 900K to 1000K...
Adjusting nuclide  46104.09c temperature from 900K to 1000K...
Adjusting nuclide  46105.09c temperature from 900K to 1000K...
Adjusting nuclide  46106.09c temperature from 900K to 1000K...
Adjusting nuclide  46107.09c temperature from 900K to 1000K...
Adjusting nuclide  46108.09c temperature from 900K to 1000K...
Adjusting nuclide  46110.09c temperature from 900K to 1000K...
Adjusting nuclide  47107.09c temperature from 900K to 1000K...
Adjusting nuclide  47109.09c temperature from 900K to 1000K...
Adjusting nuclide  47310.09c temperature from 900K to 1000K...
Adjusting nuclide  47111.09c temperature from 900K to 1000K...
Adjusting nuclide  48106.09c temperature from 900K to 1000K...
Adjusting nuclide  48108.09c temperature from 900K to 1000K...
Adjusting nuclide  48110.09c temperature from 900K to 1000K...
Adjusting nuclide  48111.09c temperature from 900K to 1000K...
Adjusting nuclide  48112.09c temperature from 900K to 1000K...
Adjusting nuclide  48113.09c temperature from 900K to 1000K...
Adjusting nuclide  48114.09c temperature from 900K to 1000K...
Adjusting nuclide  48315.09c temperature from 900K to 1000K...
Adjusting nuclide  48116.09c temperature from 900K to 1000K...
Adjusting nuclide  49113.09c temperature from 900K to 1000K...
Adjusting nuclide  49115.09c temperature from 900K to 1000K...
Adjusting nuclide  50112.09c temperature from 900K to 1000K...
Adjusting nuclide  50113.09c temperature from 900K to 1000K...
Adjusting nuclide  50114.09c temperature from 900K to 1000K...
Adjusting nuclide  50115.09c temperature from 900K to 1000K...
Adjusting nuclide  50116.09c temperature from 900K to 1000K...
Adjusting nuclide  50117.09c temperature from 900K to 1000K...
Adjusting nuclide  50118.09c temperature from 900K to 1000K...
Adjusting nuclide  50119.09c temperature from 900K to 1000K...
Adjusting nuclide  50120.09c temperature from 900K to 1000K...
Adjusting nuclide  50122.09c temperature from 900K to 1000K...
Adjusting nuclide  50123.09c temperature from 900K to 1000K...
Adjusting nuclide  50124.09c temperature from 900K to 1000K...
Adjusting nuclide  50125.09c temperature from 900K to 1000K...
Adjusting nuclide  50126.09c temperature from 900K to 1000K...
Adjusting nuclide  51121.09c temperature from 900K to 1000K...
Adjusting nuclide  51123.09c temperature from 900K to 1000K...
Adjusting nuclide  51124.09c temperature from 900K to 1000K...
Adjusting nuclide  51125.09c temperature from 900K to 1000K...
Adjusting nuclide  51126.09c temperature from 900K to 1000K...
Adjusting nuclide  52120.09c temperature from 900K to 1000K...
Adjusting nuclide  52122.09c temperature from 900K to 1000K...
Adjusting nuclide  52123.09c temperature from 900K to 1000K...
Adjusting nuclide  52124.09c temperature from 900K to 1000K...
Adjusting nuclide  52125.09c temperature from 900K to 1000K...
Adjusting nuclide  52126.09c temperature from 900K to 1000K...
Adjusting nuclide  52327.09c temperature from 900K to 1000K...
Adjusting nuclide  52128.09c temperature from 900K to 1000K...
Adjusting nuclide  52329.09c temperature from 900K to 1000K...
Adjusting nuclide  52130.09c temperature from 900K to 1000K...
Adjusting nuclide  52132.09c temperature from 900K to 1000K...
Adjusting nuclide  53127.09c temperature from 900K to 1000K...
Adjusting nuclide  53129.09c temperature from 900K to 1000K...
Adjusting nuclide  53130.09c temperature from 900K to 1000K...
Adjusting nuclide  53131.09c temperature from 900K to 1000K...
Adjusting nuclide  53135.09c temperature from 900K to 1000K...
Adjusting nuclide  54126.09c temperature from 900K to 1000K...
Adjusting nuclide  54128.09c temperature from 900K to 1000K...
Adjusting nuclide  54129.09c temperature from 900K to 1000K...
Adjusting nuclide  54130.09c temperature from 900K to 1000K...
Adjusting nuclide  54131.09c temperature from 900K to 1000K...
Adjusting nuclide  54132.09c temperature from 900K to 1000K...
Adjusting nuclide  54133.09c temperature from 900K to 1000K...
Adjusting nuclide  54134.09c temperature from 900K to 1000K...
Adjusting nuclide  54135.09c temperature from 900K to 1000K...
Adjusting nuclide  54136.09c temperature from 900K to 1000K...
Adjusting nuclide  55133.09c temperature from 900K to 1000K...
Adjusting nuclide  55134.09c temperature from 900K to 1000K...
Adjusting nuclide  55135.09c temperature from 900K to 1000K...
Adjusting nuclide  55136.09c temperature from 900K to 1000K...
Adjusting nuclide  55137.09c temperature from 900K to 1000K...
Adjusting nuclide  56132.09c temperature from 900K to 1000K...
Adjusting nuclide  56133.09c temperature from 900K to 1000K...
Adjusting nuclide  56134.09c temperature from 900K to 1000K...
Adjusting nuclide  56135.09c temperature from 900K to 1000K...
Adjusting nuclide  56136.09c temperature from 900K to 1000K...
Adjusting nuclide  56137.09c temperature from 900K to 1000K...
Adjusting nuclide  56138.09c temperature from 900K to 1000K...
Adjusting nuclide  56140.09c temperature from 900K to 1000K...
Adjusting nuclide  57138.09c temperature from 900K to 1000K...
Adjusting nuclide  57139.09c temperature from 900K to 1000K...
Adjusting nuclide  57140.09c temperature from 900K to 1000K...
Adjusting nuclide  58138.09c temperature from 900K to 1000K...
Adjusting nuclide  58139.09c temperature from 900K to 1000K...
Adjusting nuclide  58140.09c temperature from 900K to 1000K...
Adjusting nuclide  58141.09c temperature from 900K to 1000K...
Adjusting nuclide  58142.09c temperature from 900K to 1000K...
Adjusting nuclide  58143.09c temperature from 900K to 1000K...
Adjusting nuclide  58144.09c temperature from 900K to 1000K...
Adjusting nuclide  59141.09c temperature from 900K to 1000K...
Adjusting nuclide  59142.09c temperature from 900K to 1000K...
Adjusting nuclide  59143.09c temperature from 900K to 1000K...
Adjusting nuclide  60142.09c temperature from 900K to 1000K...
Adjusting nuclide  60143.09c temperature from 900K to 1000K...
Adjusting nuclide  60144.09c temperature from 900K to 1000K...
Adjusting nuclide  60145.09c temperature from 900K to 1000K...
Adjusting nuclide  60146.09c temperature from 900K to 1000K...
Adjusting nuclide  60147.09c temperature from 900K to 1000K...
Adjusting nuclide  60148.09c temperature from 900K to 1000K...
Adjusting nuclide  60150.09c temperature from 900K to 1000K...
Adjusting nuclide  61147.09c temperature from 900K to 1000K...
Adjusting nuclide  61148.09c temperature from 900K to 1000K...
Adjusting nuclide  61348.09c temperature from 900K to 1000K...
Adjusting nuclide  61149.09c temperature from 900K to 1000K...
Adjusting nuclide  61151.09c temperature from 900K to 1000K...
Adjusting nuclide  62144.09c temperature from 900K to 1000K...
Adjusting nuclide  62147.09c temperature from 900K to 1000K...
Adjusting nuclide  62148.09c temperature from 900K to 1000K...
Adjusting nuclide  62149.09c temperature from 900K to 1000K...
Adjusting nuclide  62150.09c temperature from 900K to 1000K...
Adjusting nuclide  62151.09c temperature from 900K to 1000K...
Adjusting nuclide  62152.09c temperature from 900K to 1000K...
Adjusting nuclide  62153.09c temperature from 900K to 1000K...
Adjusting nuclide  62154.09c temperature from 900K to 1000K...
Adjusting nuclide  63151.09c temperature from 900K to 1000K...
Adjusting nuclide  63152.09c temperature from 900K to 1000K...
Adjusting nuclide  63153.09c temperature from 900K to 1000K...
Adjusting nuclide  63154.09c temperature from 900K to 1000K...
Adjusting nuclide  63155.09c temperature from 900K to 1000K...
Adjusting nuclide  63156.09c temperature from 900K to 1000K...
Adjusting nuclide  63157.09c temperature from 900K to 1000K...
Adjusting nuclide  64152.09c temperature from 900K to 1000K...
Adjusting nuclide  64153.09c temperature from 900K to 1000K...
Adjusting nuclide  64154.09c temperature from 900K to 1000K...
Adjusting nuclide  64155.09c temperature from 900K to 1000K...
Adjusting nuclide  64156.09c temperature from 900K to 1000K...
Adjusting nuclide  64157.09c temperature from 900K to 1000K...
Adjusting nuclide  64158.09c temperature from 900K to 1000K...
Adjusting nuclide  64160.09c temperature from 900K to 1000K...
Adjusting nuclide  65159.09c temperature from 900K to 1000K...
Adjusting nuclide  65160.09c temperature from 900K to 1000K...
Adjusting nuclide  66156.09c temperature from 900K to 1000K...
Adjusting nuclide  66158.09c temperature from 900K to 1000K...
Adjusting nuclide  66160.09c temperature from 900K to 1000K...
Adjusting nuclide  66161.09c temperature from 900K to 1000K...
Adjusting nuclide  66162.09c temperature from 900K to 1000K...
Adjusting nuclide  66163.09c temperature from 900K to 1000K...
Adjusting nuclide  66164.09c temperature from 900K to 1000K...
Adjusting nuclide  67165.09c temperature from 900K to 1000K...
Adjusting nuclide  67366.09c temperature from 900K to 1000K...
Adjusting nuclide  68162.09c temperature from 900K to 1000K...
Adjusting nuclide  68164.09c temperature from 900K to 1000K...
Adjusting nuclide  68166.09c temperature from 900K to 1000K...
Adjusting nuclide  68167.09c temperature from 900K to 1000K...
Adjusting nuclide  68168.09c temperature from 900K to 1000K...
Adjusting nuclide  68170.09c temperature from 900K to 1000K...

Adding thermal scattering data...

Nuclide   gre7.18t -- natural carbon at 800K (C-nat)
Nuclide   gre7.22t -- natural carbon at 1200K (C-nat)

Checking data and printing output...

***** Thu Apr  8 14:54:33 2021 (seed = 1617908061)
Warning message from function CheckNuclideData:

Stable nuclide 40096.09c has 1 decay modes


***** Thu Apr  8 14:54:33 2021 (seed = 1617908061)
Warning message from function CheckNuclideData:

Stable nuclide 48114.09c has 1 decay modes


***** Thu Apr  8 14:54:33 2021 (seed = 1617908061)
Warning message from function CheckNuclideData:

Stable nuclide 52123.09c has 1 decay modes


***** Thu Apr  8 14:54:33 2021 (seed = 1617908061)
Warning message from function CheckNuclideData:

Stable nuclide 52130.09c has 1 decay modes


***** Thu Apr  8 14:54:33 2021 (seed = 1617908061)
Warning message from function CheckNuclideData:

Stable nuclide 54134.09c has 1 decay modes


***** Thu Apr  8 14:54:33 2021 (seed = 1617908061)
Warning message from function CheckNuclideData:

Stable nuclide 54136.09c has 1 decay modes


***** Thu Apr  8 14:54:33 2021 (seed = 1617908061)
Warning message from function CheckNuclideData:

Stable nuclide 58142.09c has 1 decay modes


***** Thu Apr  8 14:54:33 2021 (seed = 1617908061)
Warning message from function CheckNuclideData:

Stable nuclide 64160.09c has 1 decay modes


***** Thu Apr  8 14:54:33 2021 (seed = 1617908061)
Warning message from function CheckNuclideData:

Stable nuclide 300700 has 1 decay modes

OK.


***** Thu Apr  8 14:54:33 2021 (seed = 1617908061)
Warning message from function ProcessNuclides:

Minimum photon cross section energy 1.000000E+37 MeV is
above the energy grid minimum 1.000000E-03 MeV.
The energy grid minimum is set to 1.000000E+37 MeV.
Possible changes in energy cutoff cards (warned if any).


***** Thu Apr  8 14:54:33 2021 (seed = 1617908061)
Warning message from function ProcessNuclides:

Photon energy cutoff 1.000000E-03 MeV is changed to 1.000000E+37.


Processing nuclide inventory list...

***** Thu Apr  8 14:54:33 2021

Input error:

Invalid ZAI "1" in inventory list (interpreted as hydrogen)

