
  _                   .-=-.           .-=-.          .-==-.       
 { }      __        .' O o '.       .' O o '.       /  -<' )--<   
 { }    .' O'.     / o .-. O \     / o .-. O \     /  .---`       
 { }   / .-. o\   /O  /   \  o\   /O  /   \  o\   /O /            
  \ `-` /   \ O`-'o  /     \  O`-'o  /     \  O`-`o /             
   `-.-`     '.____.'       `._____.'       `.____.'              

Serpent 2 beta

A Continuous-energy Monte Carlo Reactor Physics Burnup Calculation Code

 - Version 2.1.30 (February 14, 2018) -- Contact: serpent@vtt.fi

 - Reference: J. Leppanen, et al. "The Serpent Monte Carlo code: Status,
              development and applications in 2013." Ann. Nucl. Energy,
              82 (2015) 142-150.

 - Compiled Feb 15 2021 19:17:39

 - MPI Parallel calculation mode not available

 - OpenMP Parallel calculation mode available

 - Geometry and mesh plotting available

 - Default data path set to: "/opt/serpent/xsdata"

Begin calculation on Tue Apr  6 12:17:17 2021

Reading input file "core"...

NOTE: The "set printm" feature is outdated and not recommended to be
      used anymore. For restart calculations use the binary restart
      files ("set rfw") and ("set rfr"):

      http://serpent.vtt.fi/mediawiki/index.php/Input_syntax_manual#set_rfw

      Isotopic data is best obtained from the _res.m output.


Checking duplicate input definitions...
OK.

Creating geometry...
OK.

Counting geometry zones...

The geometry consists of 3 levels:

Level 0 size: max 7 zones
Level 1 size: max 289 zones
Level 2 size: max 7 zones

Processing cells...
OK.

Linking materials to geometry...
OK.

Counting cells...
OK.

Processing data for group constant generation:

 - 70 energy groups in micro-group structure
 - 2 energy groups in macro-group structure
 - B1 fundamental mode calculation is not run
 - Group constants generated in 1 universes
 - Discontinuity factors are not calculated
 - Pin-power distributions are not calculated
 - Albedos are not calculated
 - Poison cross sections are not calculated

Calculating material volumes by Monte Carlo...

Estimated calculation time: 0:00:01
Realized calculation time:  0:00:01


OK.

Reading ACE directory files...
OK.

Reading neutron-induced fission yields...
OK.

Adding nuclides in material graphite...

Nuclide   6000.09c -- natural carbon at 900K (C-nat)
Nuclide   5010.09c -- boron 10 at 900K (B-10)
Nuclide   5011.09c -- boron 11 at 900K (B-11)

Adding nuclides in material natb4c...

Nuclide   5010.09c -- boron 10 at 900K (B-10)
Nuclide   5011.09c -- boron 11 at 900K (B-11)
Nuclide   6000.09c -- natural carbon at 900K (C-nat)

Adding nuclides in material fuelsalt...

Nuclide   4009.09c -- beryllium 9 at 908K (Be-9)
Nuclide   9019.09c -- fluorine 19 at 908K (F-19)
Nuclide  11023.09c -- sodium 23 at 908K (Na-23)
Nuclide  90232.09c -- thorium 232 at 908K (Th-232)
Nuclide  92234.09c -- uranium 234 at 908K (U-234)
Nuclide  92235.09c -- uranium 235 at 908K (U-235)
Nuclide  92236.09c -- uranium 236 at 908K (U-236)
Nuclide  92238.09c -- uranium 238 at 908K (U-238)

Setting majorant temperatures for TMS:

Material graphite at 908.1K

Running Doppler-broadening preprocessor:

Adjusting nuclide   6000.09c temperature from 900K to 908K...
Adjusting nuclide   5010.09c temperature from 900K to 908K...
Adjusting nuclide   5011.09c temperature from 900K to 908K...
Adjusting nuclide   4009.09c temperature from 900K to 908K...
Adjusting nuclide   9019.09c temperature from 900K to 908K...
Adjusting nuclide  11023.09c temperature from 900K to 908K...
Adjusting nuclide  90232.09c temperature from 900K to 908K...
Adjusting nuclide  92234.09c temperature from 900K to 908K...
Adjusting nuclide  92235.09c temperature from 900K to 908K...
Adjusting nuclide  92236.09c temperature from 900K to 908K...
Adjusting nuclide  92238.09c temperature from 900K to 908K...

Adding thermal scattering data...

Nuclide   gre7.18t -- natural carbon at 800K (C-nat)
Nuclide   gre7.22t -- natural carbon at 1200K (C-nat)

Checking data and printing output...
OK.


***** Tue Apr  6 12:17:19 2021 (seed = 1617725837)
Warning message from function ProcessNuclides:

Minimum photon cross section energy 1.000000E+37 MeV is
above the energy grid minimum 1.000000E-03 MeV.
The energy grid minimum is set to 1.000000E+37 MeV.
Possible changes in energy cutoff cards (warned if any).


***** Tue Apr  6 12:17:19 2021 (seed = 1617725837)
Warning message from function ProcessNuclides:

Photon energy cutoff 1.000000E-03 MeV is changed to 1.000000E+37.


Generating unionize energy grids...

Adding points:

  4009.09c -- Points added in neutron grid: 307
  5010.09c -- Points added in neutron grid: 390
  5010.09c -- Points added in neutron grid: 0
  5011.09c -- Points added in neutron grid: 2631
  5011.09c -- Points added in neutron grid: 0
  6000.09c -- Points added in neutron grid: 594
  6000.09c -- Points added in neutron grid: 0
  6000.09s -- Points added in neutron grid: 0
  9019.09c -- Points added in neutron grid: 1102
 11023.09c -- Points added in neutron grid: 1667
 90232.09c -- Points added in neutron grid: 19676
 92234.09c -- Points added in neutron grid: 8380
 92235.09c -- Points added in neutron grid: 25051
 92236.09c -- Points added in neutron grid: 7813
 92238.09c -- Points added in neutron grid: 54091
  gre7.18t -- Points added in neutron grid: 1216
  gre7.22t -- Points added in neutron grid: 2

Generating unionized energy grid:

 - Unionization performed without grid thinning
   between 1.00E-11 and 20.0 MeV.

 - Final neutron grid size: 122819 points.

 - 6.37 Mb of memory allocated for grid data

OK.

Processing cross sections and ENDF reaction laws...

Nuclide   4009.09c -- beryllium 9 at 908K (Be-9)
Nuclide   5010.09c -- boron 10 at 908K (B-10)
Nuclide   5010.09c -- boron 10 at 900K (B-10)
Nuclide   5011.09c -- boron 11 at 908K (B-11)
Nuclide   5011.09c -- boron 11 at 900K (B-11)
Nuclide   6000.09c -- natural carbon at 908K (C-nat)
Nuclide   6000.09c -- natural carbon at 900K (C-nat)
Nuclide   6000.09s -- natural carbon at 908K (C-nat)
Nuclide   9019.09c -- fluorine 19 at 908K (F-19)
Nuclide  11023.09c -- sodium 23 at 908K (Na-23)
Nuclide  90232.09c -- thorium 232 at 908K (Th-232)
Nuclide  92234.09c -- uranium 234 at 908K (U-234)
Nuclide  92235.09c -- uranium 235 at 908K (U-235)
Nuclide  92236.09c -- uranium 236 at 908K (U-236)
Nuclide  92238.09c -- uranium 238 at 908K (U-238)
Nuclide   gre7.18t -- natural carbon at 800K (C-nat)
Nuclide   gre7.22t -- natural carbon at 1200K (C-nat)

Adjusting majorant temperatures:


 ***** Warning: Nuclide 5010.09c is adjusted to a single temperature using TMS.
 Consider using Doppler preprocessor instead.

Nuclide   5010.09c TMS majorant to 913K...

 ***** Warning: Nuclide 5011.09c is adjusted to a single temperature using TMS.
 Consider using Doppler preprocessor instead.

Nuclide   5011.09c TMS majorant to 913K...

 ***** Warning: Nuclide 6000.09c is adjusted to a single temperature using TMS.
 Consider using Doppler preprocessor instead.

Nuclide   6000.09c TMS majorant to 913K...
Nuclide   6000.09s TMS majorant to 913K...

SUMMARY -- 17 nuclides included in calculation:

 - 17 transport nuclides
 - Neutron energy cut-offs at 1.00E-11 and 20.0 MeV
 - 496 transport reactions
 - 70 special reactions
 - 10 decay reactions
 - 12 transmutation reactions + 2 branches
 - 119.22 Mb of memory allocated for data

Normalizing compositions and processing mixtures...
OK.

Allocating memory for macroscopic cross section data...
OK.

Allocating memory for particle structures...
OK.

Calculating maximum densities...
OK.

Performing density cut-off...
OK.

Sorting material-wise reaction lists:

   0% complete
 100% complete

Calculating macroscopic cross sections:

   0% complete
 100% complete

Calculating DT neutron majorant cross section:

   0% complete
 100% complete

Clearing results and statistics...
OK.

Sampling initial source...
OK.

Inactive cycle   1 /  40: k-eff = 1.00000
Inactive cycle   2 /  40: k-eff = 0.90660
Inactive cycle   3 /  40: k-eff = 0.91621
Inactive cycle   4 /  40: k-eff = 0.92427
Inactive cycle   5 /  40: k-eff = 0.92372
Inactive cycle   6 /  40: k-eff = 0.95956
Inactive cycle   7 /  40: k-eff = 0.95092
Inactive cycle   8 /  40: k-eff = 0.94845
Inactive cycle   9 /  40: k-eff = 0.96970
Inactive cycle  10 /  40: k-eff = 0.97939
Inactive cycle  11 /  40: k-eff = 0.96353
Inactive cycle  12 /  40: k-eff = 0.96179
Inactive cycle  13 /  40: k-eff = 0.96275
Inactive cycle  14 /  40: k-eff = 0.95120
Inactive cycle  15 /  40: k-eff = 0.96832
Inactive cycle  16 /  40: k-eff = 0.98691
Inactive cycle  17 /  40: k-eff = 0.98672
Inactive cycle  18 /  40: k-eff = 0.94587
Inactive cycle  19 /  40: k-eff = 0.95778
Inactive cycle  20 /  40: k-eff = 0.98671
Inactive cycle  21 /  40: k-eff = 0.96382
Inactive cycle  22 /  40: k-eff = 0.97423
Inactive cycle  23 /  40: k-eff = 0.93857
Inactive cycle  24 /  40: k-eff = 0.96523
Inactive cycle  25 /  40: k-eff = 0.96465
Inactive cycle  26 /  40: k-eff = 0.93358
Inactive cycle  27 /  40: k-eff = 0.97690
Inactive cycle  28 /  40: k-eff = 0.96733
Inactive cycle  29 /  40: k-eff = 0.97546
Inactive cycle  30 /  40: k-eff = 0.95360
Inactive cycle  31 /  40: k-eff = 0.94502
Inactive cycle  32 /  40: k-eff = 0.97281
Inactive cycle  33 /  40: k-eff = 0.97203
Inactive cycle  34 /  40: k-eff = 0.92887
Inactive cycle  35 /  40: k-eff = 0.95878
Inactive cycle  36 /  40: k-eff = 0.96089
Inactive cycle  37 /  40: k-eff = 0.96416
Inactive cycle  38 /  40: k-eff = 0.95471
Inactive cycle  39 /  40: k-eff = 0.96655
Inactive cycle  40 /  40: k-eff = 0.94451

----- Begin active cycles -----

------------------------------------------------------------

Serpent 2.1.30 -- Static criticality source simulation

Input file: "core" 

Active cycle    1 / 100  Source neutrons :  5181

Running time :                  0:00:21
Estimated running time :        -:--:--
Estimated running time left :   -:--:--

Estimated relative CPU usage :  1993.4%

k-eff (analog)    = 0.97870 +/- 0.00000  [0.97870  0.97870]
k-eff (implicit)  = 0.95576 +/- 0.00000  [0.95576  0.95576]

(O4) (U) (TMS) (OMP=20) 
------------------------------------------------------------
------------------------------------------------------------

Serpent 2.1.30 -- Static criticality source simulation

Input file: "core" 

Active cycle    2 / 100  Source neutrons :  4730

Running time :                  0:00:21
Estimated running time :        -:--:--
Estimated running time left :   -:--:--

Estimated relative CPU usage :  1993.7%

k-eff (analog)    = 0.95227 +/- 0.02642  [0.90048  1.00407]
k-eff (implicit)  = 0.95890 +/- 0.00314  [0.95274  0.96507]

(O4) (U) (TMS) (OMP=20) 
------------------------------------------------------------
------------------------------------------------------------

Serpent 2.1.30 -- Static criticality source simulation

Input file: "core" 

Active cycle    3 / 100  Source neutrons :  5056

Running time :                  0:00:22
Estimated running time :        -:--:--
Estimated running time left :   -:--:--

Estimated relative CPU usage :  1984.5%

k-eff (analog)    = 0.94692 +/- 0.01617  [0.91523  0.97861]
k-eff (implicit)  = 0.95799 +/- 0.00203  [0.95401  0.96197]

(O4) (U) (TMS) (OMP=20) 
------------------------------------------------------------
------------------------------------------------------------

Serpent 2.1.30 -- Static criticality source simulation

Input file: "core" 

Active cycle    4 / 100  Source neutrons :  5095

Running time :                  0:00:22
Estimated running time :        -:--:--
Estimated running time left :   -:--:--

Estimated relative CPU usage :  2010.1%

k-eff (analog)    = 0.94869 +/- 0.01157  [0.92602  0.97137]
k-eff (implicit)  = 0.95768 +/- 0.00147  [0.95480  0.96056]

(O4) (U) (TMS) (OMP=20) 
------------------------------------------------------------
------------------------------------------------------------

Serpent 2.1.30 -- Static criticality source simulation

Input file: "core" 

Active cycle    5 / 100  Source neutrons :  4949

Running time :                  0:00:23
Estimated running time :        0:01:08
Estimated running time left :   0:00:45

Estimated relative CPU usage :  1989.7%

k-eff (analog)    = 0.94781 +/- 0.00900  [0.93016  0.96546]
k-eff (implicit)  = 0.95722 +/- 0.00123  [0.95482  0.95963]

(O4) (U) (TMS) (OMP=20) 
------------------------------------------------------------
------------------------------------------------------------

Serpent 2.1.30 -- Static criticality source simulation

Input file: "core" 

Active cycle    6 / 100  Source neutrons :  4962

Running time :                  0:00:23
Estimated running time :        0:01:08
Estimated running time left :   0:00:44

Estimated relative CPU usage :  1973.2%

k-eff (analog)    = 0.94603 +/- 0.00757  [0.93120  0.96085]
k-eff (implicit)  = 0.95532 +/- 0.00215  [0.95110  0.95953]

(O4) (U) (TMS) (OMP=20) 
------------------------------------------------------------
------------------------------------------------------------

Serpent 2.1.30 -- Static criticality source simulation

Input file: "core" 

Active cycle    7 / 100  Source neutrons :  5128

Running time :                  0:00:24
Estimated running time :        0:01:09
Estimated running time left :   0:00:44

Estimated relative CPU usage :  1992.5%

k-eff (analog)    = 0.94818 +/- 0.00675  [0.93495  0.96140]
k-eff (implicit)  = 0.95659 +/- 0.00222  [0.95224  0.96093]

(O4) (U) (TMS) (OMP=20) 
------------------------------------------------------------
------------------------------------------------------------

Serpent 2.1.30 -- Static criticality source simulation

Input file: "core" 

Active cycle    8 / 100  Source neutrons :  5060

Running time :                  0:00:24
Estimated running time :        0:01:09
Estimated running time left :   0:00:44

Estimated relative CPU usage :  1995.6%

k-eff (analog)    = 0.95123 +/- 0.00659  [0.93831  0.96416]
k-eff (implicit)  = 0.95629 +/- 0.00194  [0.95248  0.96010]

(O4) (U) (TMS) (OMP=20) 
------------------------------------------------------------
------------------------------------------------------------

Serpent 2.1.30 -- Static criticality source simulation

Input file: "core" 

Active cycle    9 / 100  Source neutrons :  5043

Running time :                  0:00:25
Estimated running time :        0:01:09
Estimated running time left :   0:00:43

Estimated relative CPU usage :  1998.1%

k-eff (analog)    = 0.95454 +/- 0.00669  [0.94143  0.96765]
k-eff (implicit)  = 0.95647 +/- 0.00172  [0.95309  0.95985]

(O4) (U) (TMS) (OMP=20) 
------------------------------------------------------------
------------------------------------------------------------

Serpent 2.1.30 -- Static criticality source simulation

Input file: "core" 

Active cycle   10 / 100  Source neutrons :  4835

Running time :                  0:00:25
Estimated running time :        0:01:09
Estimated running time left :   0:00:43

Estimated relative CPU usage :  1977.9%

k-eff (analog)    = 0.95395 +/- 0.00601  [0.94216  0.96573]
k-eff (implicit)  = 0.95630 +/- 0.00155  [0.95326  0.95934]

(O4) (U) (TMS) (OMP=20) 
------------------------------------------------------------
------------------------------------------------------------

Serpent 2.1.30 -- Static criticality source simulation

Input file: "core" 

Active cycle   11 / 100  Source neutrons :  5141

Running time :                  0:00:26
Estimated running time :        0:01:09
Estimated running time left :   0:00:42

Estimated relative CPU usage :  1993.5%

k-eff (analog)    = 0.95589 +/- 0.00578  [0.94457  0.96722]
k-eff (implicit)  = 0.95610 +/- 0.00142  [0.95332  0.95887]

(O4) (U) (TMS) (OMP=20) 
------------------------------------------------------------
------------------------------------------------------------

Serpent 2.1.30 -- Static criticality source simulation

Input file: "core" 

Active cycle   12 / 100  Source neutrons :  4913

Running time :                  0:00:26
Estimated running time :        0:01:09
Estimated running time left :   0:00:42

Estimated relative CPU usage :  1995.9%

k-eff (analog)    = 0.95610 +/- 0.00528  [0.94576  0.96645]
k-eff (implicit)  = 0.95540 +/- 0.00147  [0.95251  0.95828]

(O4) (U) (TMS) (OMP=20) 
------------------------------------------------------------
------------------------------------------------------------

Serpent 2.1.30 -- Static criticality source simulation

Input file: "core" 

Active cycle   13 / 100  Source neutrons :  4952

Running time :                  0:00:27
Estimated running time :        0:01:09
Estimated running time left :   0:00:41

Estimated relative CPU usage :  1985.6%

k-eff (analog)    = 0.95557 +/- 0.00488  [0.94600  0.96514]
k-eff (implicit)  = 0.95590 +/- 0.00144  [0.95307  0.95873]

(O4) (U) (TMS) (OMP=20) 
------------------------------------------------------------
------------------------------------------------------------

Serpent 2.1.30 -- Static criticality source simulation

Input file: "core" 

Active cycle   14 / 100  Source neutrons :  5046

Running time :                  0:00:27
Estimated running time :        0:01:09
Estimated running time left :   0:00:41

Estimated relative CPU usage :  1999.8%

k-eff (analog)    = 0.95574 +/- 0.00452  [0.94687  0.96461]
k-eff (implicit)  = 0.95606 +/- 0.00135  [0.95342  0.95870]

(O4) (U) (TMS) (OMP=20) 
------------------------------------------------------------
------------------------------------------------------------

Serpent 2.1.30 -- Static criticality source simulation

Input file: "core" 

Active cycle   15 / 100  Source neutrons :  4996

Running time :                  0:00:28
Estimated running time :        0:01:09
Estimated running time left :   0:00:41

Estimated relative CPU usage :  1989.5%

k-eff (analog)    = 0.95583 +/- 0.00421  [0.94758  0.96409]
k-eff (implicit)  = 0.95654 +/- 0.00134  [0.95391  0.95916]

(O4) (U) (TMS) (OMP=20) 
------------------------------------------------------------
------------------------------------------------------------

Serpent 2.1.30 -- Static criticality source simulation

Input file: "core" 

Active cycle   16 / 100  Source neutrons :  5065

Running time :                  0:00:28
Estimated running time :        0:01:09
Estimated running time left :   0:00:40

Estimated relative CPU usage :  1978.3%

k-eff (analog)    = 0.95669 +/- 0.00403  [0.94879  0.96460]
k-eff (implicit)  = 0.95619 +/- 0.00130  [0.95365  0.95874]

(O4) (U) (TMS) (OMP=20) 
------------------------------------------------------------
------------------------------------------------------------

Serpent 2.1.30 -- Static criticality source simulation

Input file: "core" 

Active cycle   17 / 100  Source neutrons :  4877

Running time :                  0:00:29
Estimated running time :        0:01:09
Estimated running time left :   0:00:40

Estimated relative CPU usage :  2001.8%

k-eff (analog)    = 0.95605 +/- 0.00384  [0.94852  0.96358]
k-eff (implicit)  = 0.95743 +/- 0.00174  [0.95402  0.96084]

(O4) (U) (TMS) (OMP=20) 
------------------------------------------------------------
------------------------------------------------------------

Serpent 2.1.30 -- Static criticality source simulation

Input file: "core" 

Active cycle   18 / 100  Source neutrons :  5133

Running time :                  0:00:29
Estimated running time :        0:01:09
Estimated running time left :   0:00:39

Estimated relative CPU usage :  1985.2%

k-eff (analog)    = 0.95688 +/- 0.00372  [0.94959  0.96416]
k-eff (implicit)  = 0.95833 +/- 0.00187  [0.95467  0.96200]

(O4) (U) (TMS) (OMP=20) 
------------------------------------------------------------
------------------------------------------------------------

Serpent 2.1.30 -- Static criticality source simulation

Input file: "core" 

Active cycle   19 / 100  Source neutrons :  4944

Running time :                  0:00:30
Estimated running time :        0:01:09
Estimated running time left :   0:00:39

Estimated relative CPU usage :  1997.6%

k-eff (analog)    = 0.95704 +/- 0.00352  [0.95014  0.96394]
k-eff (implicit)  = 0.95916 +/- 0.00195  [0.95533  0.96299]

(O4) (U) (TMS) (OMP=20) 
------------------------------------------------------------
------------------------------------------------------------

Serpent 2.1.30 -- Static criticality source simulation

Input file: "core" 

Active cycle   20 / 100  Source neutrons :  4989

Running time :                  0:00:30
Estimated running time :        0:01:09
Estimated running time left :   0:00:38

Estimated relative CPU usage :  1987.3%

k-eff (analog)    = 0.95709 +/- 0.00334  [0.95054  0.96363]
k-eff (implicit)  = 0.95902 +/- 0.00186  [0.95537  0.96266]

(O4) (U) (TMS) (OMP=20) 
------------------------------------------------------------
------------------------------------------------------------

Serpent 2.1.30 -- Static criticality source simulation

Input file: "core" 

Active cycle   21 / 100  Source neutrons :  4908

Running time :                  0:00:31
Estimated running time :        0:01:09
Estimated running time left :   0:00:38

Estimated relative CPU usage :  1993.0%

k-eff (analog)    = 0.95629 +/- 0.00327  [0.94987  0.96271]
k-eff (implicit)  = 0.95995 +/- 0.00200  [0.95603  0.96388]

(O4) (U) (TMS) (OMP=20) 
------------------------------------------------------------
------------------------------------------------------------

Serpent 2.1.30 -- Static criticality source simulation

Input file: "core" 

Active cycle   22 / 100  Source neutrons :  5063

Running time :                  0:00:31
Estimated running time :        0:01:09
Estimated running time left :   0:00:37

Estimated relative CPU usage :  2004.6%

k-eff (analog)    = 0.95610 +/- 0.00313  [0.94997  0.96223]
k-eff (implicit)  = 0.96015 +/- 0.00192  [0.95639  0.96391]

(O4) (U) (TMS) (OMP=20) 
------------------------------------------------------------
------------------------------------------------------------

Serpent 2.1.30 -- Static criticality source simulation

Input file: "core" 

Active cycle   23 / 100  Source neutrons :  4990

Running time :                  0:00:32
Estimated running time :        0:01:09
Estimated running time left :   0:00:37

Estimated relative CPU usage :  1992.8%

k-eff (analog)    = 0.95584 +/- 0.00300  [0.94996  0.96172]
k-eff (implicit)  = 0.96016 +/- 0.00183  [0.95656  0.96375]

(O4) (U) (TMS) (OMP=20) 
------------------------------------------------------------
------------------------------------------------------------

Serpent 2.1.30 -- Static criticality source simulation

Input file: "core" 

Active cycle   24 / 100  Source neutrons :  5076

Running time :                  0:00:32
Estimated running time :        0:01:09
Estimated running time left :   0:00:36

Estimated relative CPU usage :  1989.0%

k-eff (analog)    = 0.95621 +/- 0.00290  [0.95054  0.96189]
k-eff (implicit)  = 0.96025 +/- 0.00176  [0.95681  0.96370]

(O4) (U) (TMS) (OMP=20) 
------------------------------------------------------------
------------------------------------------------------------

Serpent 2.1.30 -- Static criticality source simulation

Input file: "core" 

Active cycle   25 / 100  Source neutrons :  5239

Running time :                  0:00:33
Estimated running time :        0:01:09
Estimated running time left :   0:00:36

Estimated relative CPU usage :  1994.0%

k-eff (analog)    = 0.95840 +/- 0.00353  [0.95147  0.96532]
k-eff (implicit)  = 0.96019 +/- 0.00169  [0.95688  0.96350]

(O4) (U) (TMS) (OMP=20) 
------------------------------------------------------------
------------------------------------------------------------

Serpent 2.1.30 -- Static criticality source simulation

Input file: "core" 

Active cycle   26 / 100  Source neutrons :  4820

Running time :                  0:00:33
Estimated running time :        0:01:09
Estimated running time left :   0:00:35

Estimated relative CPU usage :  1989.8%

k-eff (analog)    = 0.95901 +/- 0.00345  [0.95225  0.96577]
k-eff (implicit)  = 0.96033 +/- 0.00163  [0.95714  0.96352]

(O4) (U) (TMS) (OMP=20) 
------------------------------------------------------------
------------------------------------------------------------

Serpent 2.1.30 -- Static criticality source simulation

Input file: "core" 

Active cycle   27 / 100  Source neutrons :  5045

Running time :                  0:00:34
Estimated running time :        0:01:09
Estimated running time left :   0:00:35

Estimated relative CPU usage :  1998.5%

k-eff (analog)    = 0.95991 +/- 0.00344  [0.95317  0.96664]
k-eff (implicit)  = 0.96015 +/- 0.00157  [0.95707  0.96324]

(O4) (U) (TMS) (OMP=20) 
------------------------------------------------------------
------------------------------------------------------------

Serpent 2.1.30 -- Static criticality source simulation

Input file: "core" 

Active cycle   28 / 100  Source neutrons :  4769

Running time :                  0:00:34
Estimated running time :        0:01:09
Estimated running time left :   0:00:34

Estimated relative CPU usage :  1978.9%

k-eff (analog)    = 0.95911 +/- 0.00341  [0.95244  0.96579]
k-eff (implicit)  = 0.95989 +/- 0.00154  [0.95687  0.96291]

(O4) (U) (TMS) (OMP=20) 
------------------------------------------------------------
------------------------------------------------------------

Serpent 2.1.30 -- Static criticality source simulation

Input file: "core" 

Active cycle   29 / 100  Source neutrons :  5145

Running time :                  0:00:35
Estimated running time :        0:01:09
Estimated running time left :   0:00:34

Estimated relative CPU usage :  1991.0%

k-eff (analog)    = 0.95932 +/- 0.00329  [0.95286  0.96577]
k-eff (implicit)  = 0.95947 +/- 0.00154  [0.95645  0.96250]

(O4) (U) (TMS) (OMP=20) 
------------------------------------------------------------
------------------------------------------------------------

Serpent 2.1.30 -- Static criticality source simulation

Input file: "core" 

Active cycle   30 / 100  Source neutrons :  4957

Running time :                  0:00:35
Estimated running time :        0:01:09
Estimated running time left :   0:00:33

Estimated relative CPU usage :  1985.9%

k-eff (analog)    = 0.95923 +/- 0.00318  [0.95299  0.96546]
k-eff (implicit)  = 0.95940 +/- 0.00149  [0.95648  0.96233]

(O4) (U) (TMS) (OMP=20) 
------------------------------------------------------------
------------------------------------------------------------

Serpent 2.1.30 -- Static criticality source simulation

Input file: "core" 

Active cycle   31 / 100  Source neutrons :  4997

Running time :                  0:00:36
Estimated running time :        0:01:09
Estimated running time left :   0:00:33

Estimated relative CPU usage :  1996.6%

k-eff (analog)    = 0.95913 +/- 0.00308  [0.95309  0.96516]
k-eff (implicit)  = 0.95931 +/- 0.00145  [0.95648  0.96215]

(O4) (U) (TMS) (OMP=20) 
------------------------------------------------------------
------------------------------------------------------------

Serpent 2.1.30 -- Static criticality source simulation

Input file: "core" 

Active cycle   32 / 100  Source neutrons :  4851

Running time :                  0:00:36
Estimated running time :        0:01:09
Estimated running time left :   0:00:32

Estimated relative CPU usage :  1996.3%

k-eff (analog)    = 0.95814 +/- 0.00314  [0.95198  0.96430]
k-eff (implicit)  = 0.95934 +/- 0.00140  [0.95659  0.96209]

(O4) (U) (TMS) (OMP=20) 
------------------------------------------------------------
------------------------------------------------------------

Serpent 2.1.30 -- Static criticality source simulation

Input file: "core" 

Active cycle   33 / 100  Source neutrons :  5211

Running time :                  0:00:37
Estimated running time :        0:01:09
Estimated running time left :   0:00:32

Estimated relative CPU usage :  1996.4%

k-eff (analog)    = 0.95840 +/- 0.00305  [0.95241  0.96439]
k-eff (implicit)  = 0.95937 +/- 0.00136  [0.95671  0.96204]

(O4) (U) (TMS) (OMP=20) 
------------------------------------------------------------
------------------------------------------------------------

Serpent 2.1.30 -- Static criticality source simulation

Input file: "core" 

Active cycle   34 / 100  Source neutrons :  4960

Running time :                  0:00:37
Estimated running time :        0:01:09
Estimated running time left :   0:00:32

Estimated relative CPU usage :  1985.2%

k-eff (analog)    = 0.95842 +/- 0.00296  [0.95261  0.96423]
k-eff (implicit)  = 0.95968 +/- 0.00135  [0.95703  0.96233]

(O4) (U) (TMS) (OMP=20) 
------------------------------------------------------------
------------------------------------------------------------

Serpent 2.1.30 -- Static criticality source simulation

Input file: "core" 

Active cycle   35 / 100  Source neutrons :  4881

Running time :                  0:00:38
Estimated running time :        0:01:09
Estimated running time left :   0:00:31

Estimated relative CPU usage :  1983.2%

k-eff (analog)    = 0.95778 +/- 0.00295  [0.95201  0.96356]
k-eff (implicit)  = 0.95980 +/- 0.00132  [0.95721  0.96238]

(O4) (U) (TMS) (OMP=20) 
------------------------------------------------------------
------------------------------------------------------------

Serpent 2.1.30 -- Static criticality source simulation

Input file: "core" 

Active cycle   36 / 100  Source neutrons :  5169

Running time :                  0:00:38
Estimated running time :        0:01:09
Estimated running time left :   0:00:31

Estimated relative CPU usage :  1983.7%

k-eff (analog)    = 0.95806 +/- 0.00288  [0.95242  0.96370]
k-eff (implicit)  = 0.95976 +/- 0.00128  [0.95725  0.96228]

(O4) (U) (TMS) (OMP=20) 
------------------------------------------------------------
------------------------------------------------------------

Serpent 2.1.30 -- Static criticality source simulation

Input file: "core" 

Active cycle   37 / 100  Source neutrons :  5078

Running time :                  0:00:38
Estimated running time :        0:01:09
Estimated running time left :   0:00:30

Estimated relative CPU usage :  1984.0%

k-eff (analog)    = 0.95873 +/- 0.00288  [0.95309  0.96437]
k-eff (implicit)  = 0.95972 +/- 0.00125  [0.95728  0.96217]

(O4) (U) (TMS) (OMP=20) 
------------------------------------------------------------
------------------------------------------------------------

Serpent 2.1.30 -- Static criticality source simulation

Input file: "core" 

Active cycle   38 / 100  Source neutrons :  4913

Running time :                  0:00:39
Estimated running time :        0:01:09
Estimated running time left :   0:00:30

Estimated relative CPU usage :  2009.2%

k-eff (analog)    = 0.95892 +/- 0.00281  [0.95342  0.96442]
k-eff (implicit)  = 0.95985 +/- 0.00122  [0.95746  0.96225]

(O4) (U) (TMS) (OMP=20) 
------------------------------------------------------------
------------------------------------------------------------

Serpent 2.1.30 -- Static criticality source simulation

Input file: "core" 

Active cycle   39 / 100  Source neutrons :  4858

Running time :                  0:00:39
Estimated running time :        0:01:09
Estimated running time left :   0:00:29

Estimated relative CPU usage :  1992.9%

k-eff (analog)    = 0.95839 +/- 0.00279  [0.95293  0.96385]
k-eff (implicit)  = 0.95984 +/- 0.00119  [0.95751  0.96217]

(O4) (U) (TMS) (OMP=20) 
------------------------------------------------------------
------------------------------------------------------------

Serpent 2.1.30 -- Static criticality source simulation

Input file: "core" 

Active cycle   40 / 100  Source neutrons :  5114

Running time :                  0:00:40
Estimated running time :        0:01:09
Estimated running time left :   0:00:29

Estimated relative CPU usage :  1999.9%

k-eff (analog)    = 0.95843 +/- 0.00271  [0.95311  0.96375]
k-eff (implicit)  = 0.95995 +/- 0.00117  [0.95767  0.96224]

(O4) (U) (TMS) (OMP=20) 
------------------------------------------------------------
------------------------------------------------------------

Serpent 2.1.30 -- Static criticality source simulation

Input file: "core" 

Active cycle   41 / 100  Source neutrons :  4992

Running time :                  0:00:40
Estimated running time :        0:01:09
Estimated running time left :   0:00:28

Estimated relative CPU usage :  1984.3%

k-eff (analog)    = 0.95842 +/- 0.00265  [0.95323  0.96361]
k-eff (implicit)  = 0.96012 +/- 0.00115  [0.95787  0.96238]

(O4) (U) (TMS) (OMP=20) 
------------------------------------------------------------
------------------------------------------------------------

Serpent 2.1.30 -- Static criticality source simulation

Input file: "core" 

Active cycle   42 / 100  Source neutrons :  4998

Running time :                  0:00:41
Estimated running time :        0:01:09
Estimated running time left :   0:00:28

Estimated relative CPU usage :  2001.0%

k-eff (analog)    = 0.95841 +/- 0.00258  [0.95334  0.96347]
k-eff (implicit)  = 0.96045 +/- 0.00117  [0.95816  0.96274]

(O4) (U) (TMS) (OMP=20) 
------------------------------------------------------------
------------------------------------------------------------

Serpent 2.1.30 -- Static criticality source simulation

Input file: "core" 

Active cycle   43 / 100  Source neutrons :  5039

Running time :                  0:00:41
Estimated running time :        0:01:09
Estimated running time left :   0:00:27

Estimated relative CPU usage :  2004.3%

k-eff (analog)    = 0.95857 +/- 0.00253  [0.95361  0.96352]
k-eff (implicit)  = 0.96066 +/- 0.00116  [0.95839  0.96293]

(O4) (U) (TMS) (OMP=20) 
------------------------------------------------------------
------------------------------------------------------------

Serpent 2.1.30 -- Static criticality source simulation

Input file: "core" 

Active cycle   44 / 100  Source neutrons :  5039

Running time :                  0:00:42
Estimated running time :        0:01:09
Estimated running time left :   0:00:27

Estimated relative CPU usage :  1993.0%

k-eff (analog)    = 0.95889 +/- 0.00249  [0.95401  0.96378]
k-eff (implicit)  = 0.96077 +/- 0.00114  [0.95854  0.96300]

(O4) (U) (TMS) (OMP=20) 
------------------------------------------------------------
------------------------------------------------------------

Serpent 2.1.30 -- Static criticality source simulation

Input file: "core" 

Active cycle   45 / 100  Source neutrons :  5073

Running time :                  0:00:42
Estimated running time :        0:01:09
Estimated running time left :   0:00:26

Estimated relative CPU usage :  2004.9%

k-eff (analog)    = 0.95952 +/- 0.00251  [0.95459  0.96445]
k-eff (implicit)  = 0.96032 +/- 0.00120  [0.95796  0.96267]

(O4) (U) (TMS) (OMP=20) 
------------------------------------------------------------
------------------------------------------------------------

Serpent 2.1.30 -- Static criticality source simulation

Input file: "core" 

Active cycle   46 / 100  Source neutrons :  4768

Running time :                  0:00:43
Estimated running time :        0:01:09
Estimated running time left :   0:00:26

Estimated relative CPU usage :  1992.6%

k-eff (analog)    = 0.95912 +/- 0.00249  [0.95424  0.96401]
k-eff (implicit)  = 0.96071 +/- 0.00124  [0.95828  0.96314]

(O4) (U) (TMS) (OMP=20) 
------------------------------------------------------------
------------------------------------------------------------

Serpent 2.1.30 -- Static criticality source simulation

Input file: "core" 

Active cycle   47 / 100  Source neutrons :  5327

Running time :                  0:00:43
Estimated running time :        0:01:09
Estimated running time left :   0:00:25

Estimated relative CPU usage :  1989.6%

k-eff (analog)    = 0.96005 +/- 0.00261  [0.95494  0.96517]
k-eff (implicit)  = 0.96077 +/- 0.00121  [0.95839  0.96315]

(O4) (U) (TMS) (OMP=20) 
------------------------------------------------------------
------------------------------------------------------------

Serpent 2.1.30 -- Static criticality source simulation

Input file: "core" 

Active cycle   48 / 100  Source neutrons :  4867

Running time :                  0:00:44
Estimated running time :        0:01:09
Estimated running time left :   0:00:25

Estimated relative CPU usage :  1997.2%

k-eff (analog)    = 0.96039 +/- 0.00258  [0.95534  0.96544]
k-eff (implicit)  = 0.96064 +/- 0.00120  [0.95829  0.96298]

(O4) (U) (TMS) (OMP=20) 
------------------------------------------------------------
------------------------------------------------------------

Serpent 2.1.30 -- Static criticality source simulation

Input file: "core" 

Active cycle   49 / 100  Source neutrons :  5000

Running time :                  0:00:44
Estimated running time :        0:01:09
Estimated running time left :   0:00:24

Estimated relative CPU usage :  2000.7%

k-eff (analog)    = 0.96071 +/- 0.00254  [0.95572  0.96569]
k-eff (implicit)  = 0.96074 +/- 0.00118  [0.95844  0.96305]

(O4) (U) (TMS) (OMP=20) 
------------------------------------------------------------
------------------------------------------------------------

Serpent 2.1.30 -- Static criticality source simulation

Input file: "core" 

Active cycle   50 / 100  Source neutrons :  4964

Running time :                  0:00:45
Estimated running time :        0:01:09
Estimated running time left :   0:00:24

Estimated relative CPU usage :  1989.1%

k-eff (analog)    = 0.96088 +/- 0.00250  [0.95598  0.96577]
k-eff (implicit)  = 0.96086 +/- 0.00116  [0.95859  0.96313]

(O4) (U) (TMS) (OMP=20) 
------------------------------------------------------------
------------------------------------------------------------

Serpent 2.1.30 -- Static criticality source simulation

Input file: "core" 

Active cycle   51 / 100  Source neutrons :  4932

Running time :                  0:00:45
Estimated running time :        0:01:09
Estimated running time left :   0:00:23

Estimated relative CPU usage :  1996.1%

k-eff (analog)    = 0.96078 +/- 0.00245  [0.95598  0.96558]
k-eff (implicit)  = 0.96067 +/- 0.00115  [0.95841  0.96292]

(O4) (U) (TMS) (OMP=20) 
------------------------------------------------------------
------------------------------------------------------------

Serpent 2.1.30 -- Static criticality source simulation

Input file: "core" 

Active cycle   52 / 100  Source neutrons :  4957

Running time :                  0:00:46
Estimated running time :        0:01:09
Estimated running time left :   0:00:23

Estimated relative CPU usage :  1981.2%

k-eff (analog)    = 0.96053 +/- 0.00242  [0.95580  0.96526]
k-eff (implicit)  = 0.96053 +/- 0.00114  [0.95831  0.96276]

(O4) (U) (TMS) (OMP=20) 
------------------------------------------------------------
------------------------------------------------------------

Serpent 2.1.30 -- Static criticality source simulation

Input file: "core" 

Active cycle   53 / 100  Source neutrons :  4926

Running time :                  0:00:46
Estimated running time :        0:01:09
Estimated running time left :   0:00:22

Estimated relative CPU usage :  2000.8%

k-eff (analog)    = 0.96002 +/- 0.00242  [0.95527  0.96477]
k-eff (implicit)  = 0.96046 +/- 0.00112  [0.95827  0.96265]

(O4) (U) (TMS) (OMP=20) 
------------------------------------------------------------
------------------------------------------------------------

Serpent 2.1.30 -- Static criticality source simulation

Input file: "core" 

Active cycle   54 / 100  Source neutrons :  5240

Running time :                  0:00:47
Estimated running time :        0:01:09
Estimated running time left :   0:00:22

Estimated relative CPU usage :  1993.4%

k-eff (analog)    = 0.96037 +/- 0.00240  [0.95566  0.96507]
k-eff (implicit)  = 0.96044 +/- 0.00110  [0.95829  0.96259]

(O4) (U) (TMS) (OMP=20) 
------------------------------------------------------------
------------------------------------------------------------

Serpent 2.1.30 -- Static criticality source simulation

Input file: "core" 

Active cycle   55 / 100  Source neutrons :  5047

Running time :                  0:00:47
Estimated running time :        0:01:09
Estimated running time left :   0:00:21

Estimated relative CPU usage :  2000.6%

k-eff (analog)    = 0.96086 +/- 0.00241  [0.95614  0.96559]
k-eff (implicit)  = 0.96009 +/- 0.00113  [0.95787  0.96231]

(O4) (U) (TMS) (OMP=20) 
------------------------------------------------------------
------------------------------------------------------------

Serpent 2.1.30 -- Static criticality source simulation

Input file: "core" 

Active cycle   56 / 100  Source neutrons :  4843

Running time :                  0:00:48
Estimated running time :        0:01:09
Estimated running time left :   0:00:21

Estimated relative CPU usage :  2000.7%

k-eff (analog)    = 0.96079 +/- 0.00237  [0.95615  0.96543]
k-eff (implicit)  = 0.95984 +/- 0.00114  [0.95761  0.96208]

(O4) (U) (TMS) (OMP=20) 
------------------------------------------------------------
------------------------------------------------------------

Serpent 2.1.30 -- Static criticality source simulation

Input file: "core" 

Active cycle   57 / 100  Source neutrons :  4836

Running time :                  0:00:48
Estimated running time :        0:01:09
Estimated running time left :   0:00:20

Estimated relative CPU usage :  1988.8%

k-eff (analog)    = 0.96017 +/- 0.00241  [0.95545  0.96488]
k-eff (implicit)  = 0.95998 +/- 0.00113  [0.95777  0.96219]

(O4) (U) (TMS) (OMP=20) 
------------------------------------------------------------
------------------------------------------------------------

Serpent 2.1.30 -- Static criticality source simulation

Input file: "core" 

Active cycle   58 / 100  Source neutrons :  5370

Running time :                  0:00:49
Estimated running time :        0:01:09
Estimated running time left :   0:00:20

Estimated relative CPU usage :  1996.0%

k-eff (analog)    = 0.96074 +/- 0.00244  [0.95597  0.96552]
k-eff (implicit)  = 0.96006 +/- 0.00111  [0.95788  0.96224]

(O4) (U) (TMS) (OMP=20) 
------------------------------------------------------------
------------------------------------------------------------

Serpent 2.1.30 -- Static criticality source simulation

Input file: "core" 

Active cycle   59 / 100  Source neutrons :  4789

Running time :                  0:00:49
Estimated running time :        0:01:09
Estimated running time left :   0:00:19

Estimated relative CPU usage :  1998.8%

k-eff (analog)    = 0.96059 +/- 0.00240  [0.95589  0.96530]
k-eff (implicit)  = 0.96021 +/- 0.00110  [0.95805  0.96237]

(O4) (U) (TMS) (OMP=20) 
------------------------------------------------------------
------------------------------------------------------------

Serpent 2.1.30 -- Static criticality source simulation

Input file: "core" 

Active cycle   60 / 100  Source neutrons :  5170

Running time :                  0:00:50
Estimated running time :        0:01:09
Estimated running time left :   0:00:19

Estimated relative CPU usage :  1983.1%

k-eff (analog)    = 0.96099 +/- 0.00239  [0.95630  0.96567]
k-eff (implicit)  = 0.96010 +/- 0.00109  [0.95796  0.96223]

(O4) (U) (TMS) (OMP=20) 
------------------------------------------------------------
------------------------------------------------------------

Serpent 2.1.30 -- Static criticality source simulation

Input file: "core" 

Active cycle   61 / 100  Source neutrons :  4805

Running time :                  0:00:50
Estimated running time :        0:01:09
Estimated running time left :   0:00:19

Estimated relative CPU usage :  2003.1%

k-eff (analog)    = 0.96074 +/- 0.00236  [0.95610  0.96537]
k-eff (implicit)  = 0.96023 +/- 0.00108  [0.95811  0.96235]

(O4) (U) (TMS) (OMP=20) 
------------------------------------------------------------
------------------------------------------------------------

Serpent 2.1.30 -- Static criticality source simulation

Input file: "core" 

Active cycle   62 / 100  Source neutrons :  5023

Running time :                  0:00:51
Estimated running time :        0:01:09
Estimated running time left :   0:00:18

Estimated relative CPU usage :  1994.3%

k-eff (analog)    = 0.96057 +/- 0.00233  [0.95600  0.96514]
k-eff (implicit)  = 0.96018 +/- 0.00106  [0.95810  0.96227]

(O4) (U) (TMS) (OMP=20) 
------------------------------------------------------------
------------------------------------------------------------

Serpent 2.1.30 -- Static criticality source simulation

Input file: "core" 

Active cycle   63 / 100  Source neutrons :  4998

Running time :                  0:00:51
Estimated running time :        0:01:09
Estimated running time left :   0:00:18

Estimated relative CPU usage :  1992.6%

k-eff (analog)    = 0.96040 +/- 0.00230  [0.95589  0.96491]
k-eff (implicit)  = 0.96004 +/- 0.00106  [0.95797  0.96211]

(O4) (U) (TMS) (OMP=20) 
------------------------------------------------------------
------------------------------------------------------------

Serpent 2.1.30 -- Static criticality source simulation

Input file: "core" 

Active cycle   64 / 100  Source neutrons :  4919

Running time :                  0:00:52
Estimated running time :        0:01:09
Estimated running time left :   0:00:17

Estimated relative CPU usage :  2001.5%

k-eff (analog)    = 0.95999 +/- 0.00230  [0.95548  0.96450]
k-eff (implicit)  = 0.96019 +/- 0.00105  [0.95813  0.96225]

(O4) (U) (TMS) (OMP=20) 
------------------------------------------------------------
------------------------------------------------------------

Serpent 2.1.30 -- Static criticality source simulation

Input file: "core" 

Active cycle   65 / 100  Source neutrons :  5261

Running time :                  0:00:52
Estimated running time :        0:01:09
Estimated running time left :   0:00:17

Estimated relative CPU usage :  1991.2%

k-eff (analog)    = 0.96035 +/- 0.00229  [0.95585  0.96484]
k-eff (implicit)  = 0.96010 +/- 0.00104  [0.95806  0.96213]

(O4) (U) (TMS) (OMP=20) 
------------------------------------------------------------
------------------------------------------------------------

Serpent 2.1.30 -- Static criticality source simulation

Input file: "core" 

Active cycle   66 / 100  Source neutrons :  4842

Running time :                  0:00:53
Estimated running time :        0:01:09
Estimated running time left :   0:00:16

Estimated relative CPU usage :  2001.3%

k-eff (analog)    = 0.96022 +/- 0.00226  [0.95579  0.96466]
k-eff (implicit)  = 0.95999 +/- 0.00103  [0.95798  0.96201]

(O4) (U) (TMS) (OMP=20) 
------------------------------------------------------------
------------------------------------------------------------

Serpent 2.1.30 -- Static criticality source simulation

Input file: "core" 

Active cycle   67 / 100  Source neutrons :  5039

Running time :                  0:00:53
Estimated running time :        0:01:09
Estimated running time left :   0:00:16

Estimated relative CPU usage :  1990.4%

k-eff (analog)    = 0.96021 +/- 0.00223  [0.95585  0.96458]
k-eff (implicit)  = 0.95993 +/- 0.00102  [0.95794  0.96192]

(O4) (U) (TMS) (OMP=20) 
------------------------------------------------------------
------------------------------------------------------------

Serpent 2.1.30 -- Static criticality source simulation

Input file: "core" 

Active cycle   68 / 100  Source neutrons :  5003

Running time :                  0:00:54
Estimated running time :        0:01:09
Estimated running time left :   0:00:15

Estimated relative CPU usage :  1986.1%

k-eff (analog)    = 0.96021 +/- 0.00219  [0.95591  0.96451]
k-eff (implicit)  = 0.95994 +/- 0.00100  [0.95798  0.96190]

(O4) (U) (TMS) (OMP=20) 
------------------------------------------------------------
------------------------------------------------------------

Serpent 2.1.30 -- Static criticality source simulation

Input file: "core" 

Active cycle   69 / 100  Source neutrons :  5138

Running time :                  0:00:54
Estimated running time :        0:01:09
Estimated running time left :   0:00:15

Estimated relative CPU usage :  2003.8%

k-eff (analog)    = 0.96059 +/- 0.00220  [0.95629  0.96490]
k-eff (implicit)  = 0.95976 +/- 0.00100  [0.95780  0.96172]

(O4) (U) (TMS) (OMP=20) 
------------------------------------------------------------
------------------------------------------------------------

Serpent 2.1.30 -- Static criticality source simulation

Input file: "core" 

Active cycle   70 / 100  Source neutrons :  4912

Running time :                  0:00:55
Estimated running time :        0:01:09
Estimated running time left :   0:00:14

Estimated relative CPU usage :  1989.4%

k-eff (analog)    = 0.96072 +/- 0.00217  [0.95647  0.96497]
k-eff (implicit)  = 0.95965 +/- 0.00099  [0.95770  0.96160]

(O4) (U) (TMS) (OMP=20) 
------------------------------------------------------------
------------------------------------------------------------

Serpent 2.1.30 -- Static criticality source simulation

Input file: "core" 

Active cycle   71 / 100  Source neutrons :  4753

Running time :                  0:00:55
Estimated running time :        0:01:09
Estimated running time left :   0:00:14

Estimated relative CPU usage :  1989.6%

k-eff (analog)    = 0.96016 +/- 0.00221  [0.95584  0.96449]
k-eff (implicit)  = 0.95964 +/- 0.00098  [0.95771  0.96156]

(O4) (U) (TMS) (OMP=20) 
------------------------------------------------------------
------------------------------------------------------------

Serpent 2.1.30 -- Static criticality source simulation

Input file: "core" 

Active cycle   72 / 100  Source neutrons :  5211

Running time :                  0:00:56
Estimated running time :        0:01:09
Estimated running time left :   0:00:13

Estimated relative CPU usage :  2000.1%

k-eff (analog)    = 0.96017 +/- 0.00218  [0.95590  0.96443]
k-eff (implicit)  = 0.95977 +/- 0.00098  [0.95786  0.96168]

(O4) (U) (TMS) (OMP=20) 
------------------------------------------------------------
------------------------------------------------------------

Serpent 2.1.30 -- Static criticality source simulation

Input file: "core" 

Active cycle   73 / 100  Source neutrons :  5109

Running time :                  0:00:56
Estimated running time :        0:01:09
Estimated running time left :   0:00:13

Estimated relative CPU usage :  1997.3%

k-eff (analog)    = 0.96045 +/- 0.00217  [0.95621  0.96470]
k-eff (implicit)  = 0.95986 +/- 0.00097  [0.95796  0.96175]

(O4) (U) (TMS) (OMP=20) 
------------------------------------------------------------
------------------------------------------------------------

Serpent 2.1.30 -- Static criticality source simulation

Input file: "core" 

Active cycle   74 / 100  Source neutrons :  4803

Running time :                  0:00:57
Estimated running time :        0:01:09
Estimated running time left :   0:00:12

Estimated relative CPU usage :  1992.9%

k-eff (analog)    = 0.96021 +/- 0.00215  [0.95600  0.96443]
k-eff (implicit)  = 0.95979 +/- 0.00096  [0.95791  0.96166]

(O4) (U) (TMS) (OMP=20) 
------------------------------------------------------------
------------------------------------------------------------

Serpent 2.1.30 -- Static criticality source simulation

Input file: "core" 

Active cycle   75 / 100  Source neutrons :  4878

Running time :                  0:00:57
Estimated running time :        0:01:09
Estimated running time left :   0:00:12

Estimated relative CPU usage :  1979.6%

k-eff (analog)    = 0.95967 +/- 0.00219  [0.95538  0.96396]
k-eff (implicit)  = 0.95994 +/- 0.00095  [0.95807  0.96181]

(O4) (U) (TMS) (OMP=20) 
------------------------------------------------------------
------------------------------------------------------------

Serpent 2.1.30 -- Static criticality source simulation

Input file: "core" 

Active cycle   76 / 100  Source neutrons :  5238

Running time :                  0:00:58
Estimated running time :        0:01:09
Estimated running time left :   0:00:11

Estimated relative CPU usage :  1994.7%

k-eff (analog)    = 0.95972 +/- 0.00216  [0.95548  0.96395]
k-eff (implicit)  = 0.96016 +/- 0.00097  [0.95826  0.96206]

(O4) (U) (TMS) (OMP=20) 
------------------------------------------------------------
------------------------------------------------------------

Serpent 2.1.30 -- Static criticality source simulation

Input file: "core" 

Active cycle   77 / 100  Source neutrons :  5224

Running time :                  0:00:58
Estimated running time :        0:01:09
Estimated running time left :   0:00:11

Estimated relative CPU usage :  1998.4%

k-eff (analog)    = 0.96032 +/- 0.00222  [0.95598  0.96467]
k-eff (implicit)  = 0.96028 +/- 0.00096  [0.95839  0.96217]

(O4) (U) (TMS) (OMP=20) 
------------------------------------------------------------
------------------------------------------------------------

Serpent 2.1.30 -- Static criticality source simulation

Input file: "core" 

Active cycle   78 / 100  Source neutrons :  4716

Running time :                  0:00:59
Estimated running time :        0:01:09
Estimated running time left :   0:00:10

Estimated relative CPU usage :  1984.5%

k-eff (analog)    = 0.96018 +/- 0.00219  [0.95588  0.96448]
k-eff (implicit)  = 0.96030 +/- 0.00095  [0.95844  0.96217]

(O4) (U) (TMS) (OMP=20) 
------------------------------------------------------------
------------------------------------------------------------

Serpent 2.1.30 -- Static criticality source simulation

Input file: "core" 

Active cycle   79 / 100  Source neutrons :  5056

Running time :                  0:00:59
Estimated running time :        0:01:09
Estimated running time left :   0:00:10

Estimated relative CPU usage :  1982.1%

k-eff (analog)    = 0.96018 +/- 0.00217  [0.95593  0.96442]
k-eff (implicit)  = 0.96031 +/- 0.00094  [0.95847  0.96215]

(O4) (U) (TMS) (OMP=20) 
------------------------------------------------------------
------------------------------------------------------------

Serpent 2.1.30 -- Static criticality source simulation

Input file: "core" 

Active cycle   80 / 100  Source neutrons :  5039

Running time :                  0:01:00
Estimated running time :        0:01:09
Estimated running time left :   0:00:09

Estimated relative CPU usage :  1982.5%

k-eff (analog)    = 0.96027 +/- 0.00214  [0.95607  0.96446]
k-eff (implicit)  = 0.96040 +/- 0.00093  [0.95858  0.96223]

(O4) (U) (TMS) (OMP=20) 
------------------------------------------------------------
------------------------------------------------------------

Serpent 2.1.30 -- Static criticality source simulation

Input file: "core" 

Active cycle   81 / 100  Source neutrons :  5058

Running time :                  0:01:00
Estimated running time :        0:01:09
Estimated running time left :   0:00:09

Estimated relative CPU usage :  1992.8%

k-eff (analog)    = 0.96050 +/- 0.00213  [0.95633  0.96466]
k-eff (implicit)  = 0.96063 +/- 0.00095  [0.95877  0.96249]

(O4) (U) (TMS) (OMP=20) 
------------------------------------------------------------
------------------------------------------------------------

Serpent 2.1.30 -- Static criticality source simulation

Input file: "core" 

Active cycle   82 / 100  Source neutrons :  5009

Running time :                  0:01:01
Estimated running time :        0:01:09
Estimated running time left :   0:00:08

Estimated relative CPU usage :  1992.0%

k-eff (analog)    = 0.96074 +/- 0.00211  [0.95659  0.96488]
k-eff (implicit)  = 0.96045 +/- 0.00096  [0.95857  0.96232]

(O4) (U) (TMS) (OMP=20) 
------------------------------------------------------------
------------------------------------------------------------

Serpent 2.1.30 -- Static criticality source simulation

Input file: "core" 

Active cycle   83 / 100  Source neutrons :  4823

Running time :                  0:01:01
Estimated running time :        0:01:09
Estimated running time left :   0:00:08

Estimated relative CPU usage :  1983.2%

k-eff (analog)    = 0.96056 +/- 0.00210  [0.95645  0.96467]
k-eff (implicit)  = 0.96043 +/- 0.00094  [0.95858  0.96228]

(O4) (U) (TMS) (OMP=20) 
------------------------------------------------------------
------------------------------------------------------------

Serpent 2.1.30 -- Static criticality source simulation

Input file: "core" 

Active cycle   84 / 100  Source neutrons :  5176

Running time :                  0:01:02
Estimated running time :        0:01:09
Estimated running time left :   0:00:07

Estimated relative CPU usage :  1985.8%

k-eff (analog)    = 0.96078 +/- 0.00208  [0.95669  0.96486]
k-eff (implicit)  = 0.96023 +/- 0.00095  [0.95836  0.96210]

(O4) (U) (TMS) (OMP=20) 
------------------------------------------------------------
------------------------------------------------------------

Serpent 2.1.30 -- Static criticality source simulation

Input file: "core" 

Active cycle   85 / 100  Source neutrons :  4879

Running time :                  0:01:02
Estimated running time :        0:01:09
Estimated running time left :   0:00:07

Estimated relative CPU usage :  1984.6%

k-eff (analog)    = 0.96071 +/- 0.00206  [0.95668  0.96475]
k-eff (implicit)  = 0.96034 +/- 0.00095  [0.95848  0.96220]

(O4) (U) (TMS) (OMP=20) 
------------------------------------------------------------
------------------------------------------------------------

Serpent 2.1.30 -- Static criticality source simulation

Input file: "core" 

Active cycle   86 / 100  Source neutrons :  5148

Running time :                  0:01:02
Estimated running time :        0:01:09
Estimated running time left :   0:00:06

Estimated relative CPU usage :  1991.0%

k-eff (analog)    = 0.96098 +/- 0.00205  [0.95695  0.96500]
k-eff (implicit)  = 0.96033 +/- 0.00094  [0.95849  0.96217]

(O4) (U) (TMS) (OMP=20) 
------------------------------------------------------------
------------------------------------------------------------

Serpent 2.1.30 -- Static criticality source simulation

Input file: "core" 

Active cycle   87 / 100  Source neutrons :  4760

Running time :                  0:01:03
Estimated running time :        0:01:09
Estimated running time left :   0:00:06

Estimated relative CPU usage :  1998.5%

k-eff (analog)    = 0.96069 +/- 0.00205  [0.95668  0.96471]
k-eff (implicit)  = 0.96049 +/- 0.00094  [0.95864  0.96233]

(O4) (U) (TMS) (OMP=20) 
------------------------------------------------------------
------------------------------------------------------------

Serpent 2.1.30 -- Static criticality source simulation

Input file: "core" 

Active cycle   88 / 100  Source neutrons :  5093

Running time :                  0:01:03
Estimated running time :        0:01:09
Estimated running time left :   0:00:05

Estimated relative CPU usage :  1964.2%

k-eff (analog)    = 0.96062 +/- 0.00203  [0.95664  0.96459]
k-eff (implicit)  = 0.96066 +/- 0.00095  [0.95881  0.96251]

(O4) (U) (TMS) (OMP=20) 
------------------------------------------------------------
------------------------------------------------------------

Serpent 2.1.30 -- Static criticality source simulation

Input file: "core" 

Active cycle   89 / 100  Source neutrons :  4969

Running time :                  0:01:04
Estimated running time :        0:01:09
Estimated running time left :   0:00:05

Estimated relative CPU usage :  1970.3%

k-eff (analog)    = 0.96047 +/- 0.00201  [0.95654  0.96441]
k-eff (implicit)  = 0.96053 +/- 0.00094  [0.95868  0.96238]

(O4) (U) (TMS) (OMP=20) 
------------------------------------------------------------
------------------------------------------------------------

Serpent 2.1.30 -- Static criticality source simulation

Input file: "core" 

Active cycle   90 / 100  Source neutrons :  5058

Running time :                  0:01:04
Estimated running time :        0:01:09
Estimated running time left :   0:00:04

Estimated relative CPU usage :  1995.7%

k-eff (analog)    = 0.96045 +/- 0.00199  [0.95656  0.96435]
k-eff (implicit)  = 0.96069 +/- 0.00095  [0.95884  0.96254]

(O4) (U) (TMS) (OMP=20) 
------------------------------------------------------------
------------------------------------------------------------

Serpent 2.1.30 -- Static criticality source simulation

Input file: "core" 

Active cycle   91 / 100  Source neutrons :  5049

Running time :                  0:01:05
Estimated running time :        0:01:09
Estimated running time left :   0:00:04

Estimated relative CPU usage :  1978.3%

k-eff (analog)    = 0.96054 +/- 0.00197  [0.95669  0.96439]
k-eff (implicit)  = 0.96079 +/- 0.00094  [0.95895  0.96263]

(O4) (U) (TMS) (OMP=20) 
------------------------------------------------------------
------------------------------------------------------------

Serpent 2.1.30 -- Static criticality source simulation

Input file: "core" 

Active cycle   92 / 100  Source neutrons :  5093

Running time :                  0:01:05
Estimated running time :        0:01:09
Estimated running time left :   0:00:03

Estimated relative CPU usage :  1990.2%

k-eff (analog)    = 0.96082 +/- 0.00196  [0.95697  0.96467]
k-eff (implicit)  = 0.96106 +/- 0.00097  [0.95916  0.96295]

(O4) (U) (TMS) (OMP=20) 
------------------------------------------------------------
------------------------------------------------------------

Serpent 2.1.30 -- Static criticality source simulation

Input file: "core" 

Active cycle   93 / 100  Source neutrons :  4891

Running time :                  0:01:06
Estimated running time :        0:01:09
Estimated running time left :   0:00:03

Estimated relative CPU usage :  1976.7%

k-eff (analog)    = 0.96086 +/- 0.00194  [0.95705  0.96467]
k-eff (implicit)  = 0.96101 +/- 0.00096  [0.95913  0.96288]

(O4) (U) (TMS) (OMP=20) 
------------------------------------------------------------
------------------------------------------------------------

Serpent 2.1.30 -- Static criticality source simulation

Input file: "core" 

Active cycle   94 / 100  Source neutrons :  4754

Running time :                  0:01:06
Estimated running time :        0:01:09
Estimated running time left :   0:00:02

Estimated relative CPU usage :  1987.1%

k-eff (analog)    = 0.96040 +/- 0.00198  [0.95652  0.96428]
k-eff (implicit)  = 0.96110 +/- 0.00095  [0.95923  0.96296]

(O4) (U) (TMS) (OMP=20) 
------------------------------------------------------------
------------------------------------------------------------

Serpent 2.1.30 -- Static criticality source simulation

Input file: "core" 

Active cycle   95 / 100  Source neutrons :  5124

Running time :                  0:01:07
Estimated running time :        0:01:09
Estimated running time left :   0:00:02

Estimated relative CPU usage :  2000.8%

k-eff (analog)    = 0.96018 +/- 0.00197  [0.95632  0.96404]
k-eff (implicit)  = 0.96108 +/- 0.00094  [0.95923  0.96293]

(O4) (U) (TMS) (OMP=20) 
------------------------------------------------------------
------------------------------------------------------------

Serpent 2.1.30 -- Static criticality source simulation

Input file: "core" 

Active cycle   96 / 100  Source neutrons :  5056

Running time :                  0:01:07
Estimated running time :        0:01:09
Estimated running time left :   0:00:01

Estimated relative CPU usage :  1996.7%

k-eff (analog)    = 0.96008 +/- 0.00195  [0.95626  0.96391]
k-eff (implicit)  = 0.96108 +/- 0.00093  [0.95925  0.96291]

(O4) (U) (TMS) (OMP=20) 
------------------------------------------------------------
------------------------------------------------------------

Serpent 2.1.30 -- Static criticality source simulation

Input file: "core" 

Active cycle   97 / 100  Source neutrons :  5046

Running time :                  0:01:08
Estimated running time :        0:01:09
Estimated running time left :   0:00:01

Estimated relative CPU usage :  1990.4%

k-eff (analog)    = 0.96008 +/- 0.00193  [0.95629  0.96386]
k-eff (implicit)  = 0.96106 +/- 0.00092  [0.95925  0.96287]

(O4) (U) (TMS) (OMP=20) 
------------------------------------------------------------
------------------------------------------------------------

Serpent 2.1.30 -- Static criticality source simulation

Input file: "core" 

Active cycle   98 / 100  Source neutrons :  4987

Running time :                  0:01:08
Estimated running time :        0:01:09
Estimated running time left :   0:00:00

Estimated relative CPU usage :  1992.5%

k-eff (analog)    = 0.96004 +/- 0.00191  [0.95630  0.96379]
k-eff (implicit)  = 0.96118 +/- 0.00092  [0.95938  0.96299]

(O4) (U) (TMS) (OMP=20) 
------------------------------------------------------------
------------------------------------------------------------

Serpent 2.1.30 -- Static criticality source simulation

Input file: "core" 

Active cycle   99 / 100  Source neutrons :  5040

Running time :                  0:01:09
Estimated running time :        0:01:09
Estimated running time left :   0:00:00

Estimated relative CPU usage :  1989.4%

k-eff (analog)    = 0.96009 +/- 0.00189  [0.95638  0.96380]
k-eff (implicit)  = 0.96115 +/- 0.00091  [0.95935  0.96294]

(O4) (U) (TMS) (OMP=20) 
------------------------------------------------------------
------------------------------------------------------------

Serpent 2.1.30 -- Static criticality source simulation

Input file: "core" 

Active cycle  100 / 100  Source neutrons :  5038

Running time :                  0:01:09
Estimated running time :        0:01:09
Estimated running time left :   0:00:00

Estimated relative CPU usage :  2001.9%

k-eff (analog)    = 0.96020 +/- 0.00188  [0.95652  0.96388]
k-eff (implicit)  = 0.96114 +/- 0.00090  [0.95937  0.96292]

(O4) (U) (TMS) (OMP=20) 
------------------------------------------------------------

Transport cycle completed in 1.11 minutes.

Calculating activities...
OK.

